{"C:\\Users\\Usuario\\Documents\\GitHub\\Cafecito-Feliz\\cafecito-api\\server.js": {"path":"C:\\Users\\Usuario\\Documents\\GitHub\\Cafecito-Feliz\\cafecito-api\\server.js","statementMap":{"0":{"start":{"line":10,"column":0},"end":{"line":10,"column":16}},"1":{"start":{"line":12,"column":0},"end":{"line":12,"column":27}},"2":{"start":{"line":14,"column":19},"end":{"line":14,"column":28}},"3":{"start":{"line":16,"column":0},"end":{"line":16,"column":15}},"4":{"start":{"line":18,"column":0},"end":{"line":20,"column":4}},"5":{"start":{"line":22,"column":0},"end":{"line":22,"column":24}},"6":{"start":{"line":25,"column":0},"end":{"line":38,"column":3}},"7":{"start":{"line":26,"column":24},"end":{"line":31,"column":5}},"8":{"start":{"line":32,"column":4},"end":{"line":37,"column":5}},"9":{"start":{"line":33,"column":8},"end":{"line":33,"column":42}},"10":{"start":{"line":35,"column":8},"end":{"line":35,"column":37}},"11":{"start":{"line":36,"column":8},"end":{"line":36,"column":42}},"12":{"start":{"line":41,"column":0},"end":{"line":50,"column":3}},"13":{"start":{"line":42,"column":4},"end":{"line":49,"column":7}},"14":{"start":{"line":52,"column":0},"end":{"line":52,"column":24}},"15":{"start":{"line":54,"column":0},"end":{"line":60,"column":3}},"16":{"start":{"line":55,"column":4},"end":{"line":59,"column":7}},"17":{"start":{"line":62,"column":0},"end":{"line":62,"column":22}},"18":{"start":{"line":64,"column":0},"end":{"line":69,"column":1}},"19":{"start":{"line":65,"column":17},"end":{"line":65,"column":41}},"20":{"start":{"line":66,"column":4},"end":{"line":68,"column":7}},"21":{"start":{"line":67,"column":8},"end":{"line":67,"column":66}}},"fnMap":{"0":{"name":"(anonymous_0)","decl":{"start":{"line":25,"column":19},"end":{"line":25,"column":20}},"loc":{"start":{"line":25,"column":39},"end":{"line":38,"column":1}},"line":25},"1":{"name":"(anonymous_1)","decl":{"start":{"line":41,"column":13},"end":{"line":41,"column":14}},"loc":{"start":{"line":41,"column":27},"end":{"line":50,"column":1}},"line":41},"2":{"name":"(anonymous_2)","decl":{"start":{"line":54,"column":8},"end":{"line":54,"column":9}},"loc":{"start":{"line":54,"column":22},"end":{"line":60,"column":1}},"line":54},"3":{"name":"(anonymous_3)","decl":{"start":{"line":66,"column":21},"end":{"line":66,"column":22}},"loc":{"start":{"line":66,"column":27},"end":{"line":68,"column":5}},"line":66}},"branchMap":{"0":{"loc":{"start":{"line":30,"column":18},"end":{"line":30,"column":85}},"type":"cond-expr","locations":[{"start":{"line":30,"column":57},"end":{"line":30,"column":68}},{"start":{"line":30,"column":71},"end":{"line":30,"column":85}}],"line":30},"1":{"loc":{"start":{"line":64,"column":0},"end":{"line":69,"column":1}},"type":"if","locations":[{"start":{"line":64,"column":0},"end":{"line":69,"column":1}},{"start":{},"end":{}}],"line":64},"2":{"loc":{"start":{"line":65,"column":17},"end":{"line":65,"column":41}},"type":"binary-expr","locations":[{"start":{"line":65,"column":17},"end":{"line":65,"column":33}},{"start":{"line":65,"column":37},"end":{"line":65,"column":41}}],"line":65}},"s":{"0":7,"1":7,"2":7,"3":7,"4":7,"5":7,"6":7,"7":0,"8":0,"9":0,"10":0,"11":0,"12":7,"13":0,"14":7,"15":7,"16":0,"17":7,"18":7,"19":0,"20":0,"21":0},"f":{"0":0,"1":0,"2":0,"3":0},"b":{"0":[0,0],"1":[0,7],"2":[0,0]},"inputSourceMap":null,"_coverageSchema":"1a1c01bbd47fc00a2c39e90264f33305004495a9","hash":"9856116836a93568d3c049d799c47171bd5e4b8c"}
,"C:\\Users\\Usuario\\Documents\\GitHub\\Cafecito-Feliz\\cafecito-api\\src\\config\\database.js": {"path":"C:\\Users\\Usuario\\Documents\\GitHub\\Cafecito-Feliz\\cafecito-api\\src\\config\\database.js","statementMap":{"0":{"start":{"line":4,"column":0},"end":{"line":4,"column":16}},"1":{"start":{"line":7,"column":21},"end":{"line":28,"column":1}},"2":{"start":{"line":8,"column":4},"end":{"line":10,"column":5}},"3":{"start":{"line":9,"column":8},"end":{"line":9,"column":15}},"4":{"start":{"line":11,"column":4},"end":{"line":27,"column":5}},"5":{"start":{"line":12,"column":22},"end":{"line":12,"column":45}},"6":{"start":{"line":13,"column":23},"end":{"line":13,"column":45}},"7":{"start":{"line":15,"column":8},"end":{"line":19,"column":11}},"8":{"start":{"line":21,"column":8},"end":{"line":21,"column":44}},"9":{"start":{"line":24,"column":8},"end":{"line":24,"column":27}},"10":{"start":{"line":25,"column":8},"end":{"line":25,"column":24}}},"fnMap":{"0":{"name":"(anonymous_0)","decl":{"start":{"line":7,"column":21},"end":{"line":7,"column":22}},"loc":{"start":{"line":7,"column":33},"end":{"line":28,"column":1}},"line":7}},"branchMap":{"0":{"loc":{"start":{"line":8,"column":4},"end":{"line":10,"column":5}},"type":"if","locations":[{"start":{"line":8,"column":4},"end":{"line":10,"column":5}},{"start":{},"end":{}}],"line":8}},"s":{"0":7,"1":7,"2":7,"3":7,"4":0,"5":0,"6":0,"7":0,"8":0,"9":0,"10":0},"f":{"0":7},"b":{"0":[7,0]},"inputSourceMap":null,"_coverageSchema":"1a1c01bbd47fc00a2c39e90264f33305004495a9","hash":"6538bfe741da6e70d4c9df9f3ce48d07461ccf06"}
,"C:\\Users\\Usuario\\Documents\\GitHub\\Cafecito-Feliz\\cafecito-api\\src\\controllers\\authController.js": {"path":"C:\\Users\\Usuario\\Documents\\GitHub\\Cafecito-Feliz\\cafecito-api\\src\\controllers\\authController.js","statementMap":{"0":{"start":{"line":5,"column":22},"end":{"line":10,"column":1}},"1":{"start":{"line":6,"column":4},"end":{"line":9,"column":6}},"2":{"start":{"line":12,"column":29},"end":{"line":17,"column":1}},"3":{"start":{"line":13,"column":4},"end":{"line":16,"column":6}},"4":{"start":{"line":19,"column":23},"end":{"line":22,"column":1}},"5":{"start":{"line":20,"column":17},"end":{"line":20,"column":51}},"6":{"start":{"line":21,"column":4},"end":{"line":21,"column":16}},"7":{"start":{"line":24,"column":25},"end":{"line":27,"column":1}},"8":{"start":{"line":25,"column":23},"end":{"line":25,"column":25}},"9":{"start":{"line":26,"column":4},"end":{"line":26,"column":51}},"10":{"start":{"line":30,"column":4},"end":{"line":55,"column":5}},"11":{"start":{"line":31,"column":68},"end":{"line":31,"column":76}},"12":{"start":{"line":33,"column":26},"end":{"line":33,"column":58}},"13":{"start":{"line":35,"column":8},"end":{"line":37,"column":9}},"14":{"start":{"line":36,"column":12},"end":{"line":36,"column":74}},"15":{"start":{"line":39,"column":29},"end":{"line":39,"column":61}},"16":{"start":{"line":41,"column":24},"end":{"line":47,"column":10}},"17":{"start":{"line":49,"column":8},"end":{"line":49,"column":29}},"18":{"start":{"line":51,"column":8},"end":{"line":51,"column":71}},"19":{"start":{"line":54,"column":8},"end":{"line":54,"column":20}},"20":{"start":{"line":59,"column":4},"end":{"line":102,"column":5}},"21":{"start":{"line":60,"column":41},"end":{"line":60,"column":49}},"22":{"start":{"line":62,"column":26},"end":{"line":62,"column":58}},"23":{"start":{"line":64,"column":8},"end":{"line":66,"column":9}},"24":{"start":{"line":65,"column":12},"end":{"line":65,"column":96}},"25":{"start":{"line":68,"column":24},"end":{"line":68,"column":78}},"26":{"start":{"line":70,"column":8},"end":{"line":72,"column":9}},"27":{"start":{"line":71,"column":12},"end":{"line":71,"column":76}},"28":{"start":{"line":74,"column":22},"end":{"line":79,"column":9}},"29":{"start":{"line":81,"column":29},"end":{"line":86,"column":9}},"30":{"start":{"line":88,"column":8},"end":{"line":98,"column":11}},"31":{"start":{"line":101,"column":8},"end":{"line":101,"column":20}},"32":{"start":{"line":106,"column":4},"end":{"line":138,"column":5}},"33":{"start":{"line":107,"column":20},"end":{"line":107,"column":42}},"34":{"start":{"line":109,"column":8},"end":{"line":111,"column":9}},"35":{"start":{"line":110,"column":12},"end":{"line":110,"column":82}},"36":{"start":{"line":113,"column":8},"end":{"line":115,"column":9}},"37":{"start":{"line":114,"column":12},"end":{"line":114,"column":66}},"38":{"start":{"line":117,"column":24},"end":{"line":122,"column":10}},"39":{"start":{"line":118,"column":12},"end":{"line":121,"column":15}},"40":{"start":{"line":119,"column":16},"end":{"line":120,"column":38}},"41":{"start":{"line":119,"column":25},"end":{"line":119,"column":37}},"42":{"start":{"line":120,"column":21},"end":{"line":120,"column":38}},"43":{"start":{"line":124,"column":31},"end":{"line":129,"column":9}},"44":{"start":{"line":131,"column":8},"end":{"line":131,"column":77}},"45":{"start":{"line":133,"column":8},"end":{"line":135,"column":9}},"46":{"start":{"line":134,"column":12},"end":{"line":134,"column":89}},"47":{"start":{"line":137,"column":8},"end":{"line":137,"column":20}},"48":{"start":{"line":142,"column":4},"end":{"line":142,"column":65}},"49":{"start":{"line":146,"column":4},"end":{"line":165,"column":5}},"50":{"start":{"line":147,"column":41},"end":{"line":147,"column":49}},"51":{"start":{"line":149,"column":21},"end":{"line":149,"column":55}},"52":{"start":{"line":151,"column":8},"end":{"line":153,"column":9}},"53":{"start":{"line":152,"column":12},"end":{"line":152,"column":72}},"54":{"start":{"line":155,"column":24},"end":{"line":155,"column":73}},"55":{"start":{"line":157,"column":8},"end":{"line":159,"column":9}},"56":{"start":{"line":158,"column":12},"end":{"line":158,"column":76}},"57":{"start":{"line":161,"column":8},"end":{"line":161,"column":90}},"58":{"start":{"line":164,"column":8},"end":{"line":164,"column":20}},"59":{"start":{"line":169,"column":4},"end":{"line":180,"column":5}},"60":{"start":{"line":170,"column":31},"end":{"line":170,"column":41}},"61":{"start":{"line":171,"column":21},"end":{"line":171,"column":55}},"62":{"start":{"line":173,"column":8},"end":{"line":175,"column":9}},"63":{"start":{"line":174,"column":12},"end":{"line":174,"column":61}},"64":{"start":{"line":177,"column":8},"end":{"line":177,"column":50}},"65":{"start":{"line":179,"column":8},"end":{"line":179,"column":20}}},"fnMap":{"0":{"name":"(anonymous_0)","decl":{"start":{"line":5,"column":22},"end":{"line":5,"column":23}},"loc":{"start":{"line":5,"column":65},"end":{"line":10,"column":1}},"line":5},"1":{"name":"(anonymous_1)","decl":{"start":{"line":12,"column":29},"end":{"line":12,"column":30}},"loc":{"start":{"line":12,"column":72},"end":{"line":17,"column":1}},"line":12},"2":{"name":"(anonymous_2)","decl":{"start":{"line":19,"column":23},"end":{"line":19,"column":24}},"loc":{"start":{"line":19,"column":45},"end":{"line":22,"column":1}},"line":19},"3":{"name":"(anonymous_3)","decl":{"start":{"line":24,"column":25},"end":{"line":24,"column":26}},"loc":{"start":{"line":24,"column":45},"end":{"line":27,"column":1}},"line":24},"4":{"name":"register","decl":{"start":{"line":29,"column":15},"end":{"line":29,"column":23}},"loc":{"start":{"line":29,"column":40},"end":{"line":56,"column":1}},"line":29},"5":{"name":"login","decl":{"start":{"line":58,"column":15},"end":{"line":58,"column":20}},"loc":{"start":{"line":58,"column":37},"end":{"line":103,"column":1}},"line":58},"6":{"name":"refreshToken","decl":{"start":{"line":105,"column":15},"end":{"line":105,"column":27}},"loc":{"start":{"line":105,"column":44},"end":{"line":139,"column":1}},"line":105},"7":{"name":"(anonymous_7)","decl":{"start":{"line":117,"column":42},"end":{"line":117,"column":43}},"loc":{"start":{"line":117,"column":63},"end":{"line":122,"column":9}},"line":117},"8":{"name":"(anonymous_8)","decl":{"start":{"line":118,"column":64},"end":{"line":118,"column":65}},"loc":{"start":{"line":118,"column":82},"end":{"line":121,"column":13}},"line":118},"9":{"name":"logout","decl":{"start":{"line":141,"column":15},"end":{"line":141,"column":21}},"loc":{"start":{"line":141,"column":38},"end":{"line":143,"column":1}},"line":141},"10":{"name":"verifyPin","decl":{"start":{"line":145,"column":15},"end":{"line":145,"column":24}},"loc":{"start":{"line":145,"column":41},"end":{"line":166,"column":1}},"line":145},"11":{"name":"checkRole","decl":{"start":{"line":168,"column":15},"end":{"line":168,"column":24}},"loc":{"start":{"line":168,"column":41},"end":{"line":181,"column":1}},"line":168}},"branchMap":{"0":{"loc":{"start":{"line":35,"column":8},"end":{"line":37,"column":9}},"type":"if","locations":[{"start":{"line":35,"column":8},"end":{"line":37,"column":9}},{"start":{},"end":{}}],"line":35},"1":{"loc":{"start":{"line":64,"column":8},"end":{"line":66,"column":9}},"type":"if","locations":[{"start":{"line":64,"column":8},"end":{"line":66,"column":9}},{"start":{},"end":{}}],"line":64},"2":{"loc":{"start":{"line":70,"column":8},"end":{"line":72,"column":9}},"type":"if","locations":[{"start":{"line":70,"column":8},"end":{"line":72,"column":9}},{"start":{},"end":{}}],"line":70},"3":{"loc":{"start":{"line":109,"column":8},"end":{"line":111,"column":9}},"type":"if","locations":[{"start":{"line":109,"column":8},"end":{"line":111,"column":9}},{"start":{},"end":{}}],"line":109},"4":{"loc":{"start":{"line":113,"column":8},"end":{"line":115,"column":9}},"type":"if","locations":[{"start":{"line":113,"column":8},"end":{"line":115,"column":9}},{"start":{},"end":{}}],"line":113},"5":{"loc":{"start":{"line":113,"column":12},"end":{"line":113,"column":71}},"type":"binary-expr","locations":[{"start":{"line":113,"column":12},"end":{"line":113,"column":37}},{"start":{"line":113,"column":41},"end":{"line":113,"column":71}}],"line":113},"6":{"loc":{"start":{"line":119,"column":16},"end":{"line":120,"column":38}},"type":"if","locations":[{"start":{"line":119,"column":16},"end":{"line":120,"column":38}},{"start":{"line":120,"column":21},"end":{"line":120,"column":38}}],"line":119},"7":{"loc":{"start":{"line":133,"column":8},"end":{"line":135,"column":9}},"type":"if","locations":[{"start":{"line":133,"column":8},"end":{"line":135,"column":9}},{"start":{},"end":{}}],"line":133},"8":{"loc":{"start":{"line":133,"column":12},"end":{"line":133,"column":84}},"type":"binary-expr","locations":[{"start":{"line":133,"column":12},"end":{"line":133,"column":46}},{"start":{"line":133,"column":50},"end":{"line":133,"column":84}}],"line":133},"9":{"loc":{"start":{"line":151,"column":8},"end":{"line":153,"column":9}},"type":"if","locations":[{"start":{"line":151,"column":8},"end":{"line":153,"column":9}},{"start":{},"end":{}}],"line":151},"10":{"loc":{"start":{"line":151,"column":12},"end":{"line":151,"column":35}},"type":"binary-expr","locations":[{"start":{"line":151,"column":12},"end":{"line":151,"column":17}},{"start":{"line":151,"column":21},"end":{"line":151,"column":35}}],"line":151},"11":{"loc":{"start":{"line":157,"column":8},"end":{"line":159,"column":9}},"type":"if","locations":[{"start":{"line":157,"column":8},"end":{"line":159,"column":9}},{"start":{},"end":{}}],"line":157},"12":{"loc":{"start":{"line":173,"column":8},"end":{"line":175,"column":9}},"type":"if","locations":[{"start":{"line":173,"column":8},"end":{"line":175,"column":9}},{"start":{},"end":{}}],"line":173}},"s":{"0":7,"1":0,"2":7,"3":0,"4":7,"5":0,"6":0,"7":7,"8":0,"9":0,"10":0,"11":0,"12":0,"13":0,"14":0,"15":0,"16":0,"17":0,"18":0,"19":0,"20":0,"21":0,"22":0,"23":0,"24":0,"25":0,"26":0,"27":0,"28":0,"29":0,"30":0,"31":0,"32":0,"33":0,"34":0,"35":0,"36":0,"37":0,"38":0,"39":0,"40":0,"41":0,"42":0,"43":0,"44":0,"45":0,"46":0,"47":0,"48":0,"49":0,"50":0,"51":0,"52":0,"53":0,"54":0,"55":0,"56":0,"57":0,"58":0,"59":0,"60":0,"61":0,"62":0,"63":0,"64":0,"65":0},"f":{"0":0,"1":0,"2":0,"3":0,"4":0,"5":0,"6":0,"7":0,"8":0,"9":0,"10":0,"11":0},"b":{"0":[0,0],"1":[0,0],"2":[0,0],"3":[0,0],"4":[0,0],"5":[0,0],"6":[0,0],"7":[0,0],"8":[0,0],"9":[0,0],"10":[0,0],"11":[0,0],"12":[0,0]},"inputSourceMap":null,"_coverageSchema":"1a1c01bbd47fc00a2c39e90264f33305004495a9","hash":"e09b90111e3448dc119fbff0e892569ff64736af"}
,"C:\\Users\\Usuario\\Documents\\GitHub\\Cafecito-Feliz\\cafecito-api\\src\\controllers\\cashSessionController.js": {"path":"C:\\Users\\Usuario\\Documents\\GitHub\\Cafecito-Feliz\\cafecito-api\\src\\controllers\\cashSessionController.js","statementMap":{"0":{"start":{"line":5,"column":4},"end":{"line":34,"column":5}},"1":{"start":{"line":6,"column":27},"end":{"line":6,"column":35}},"2":{"start":{"line":7,"column":29},"end":{"line":7,"column":38}},"3":{"start":{"line":9,"column":8},"end":{"line":11,"column":9}},"4":{"start":{"line":10,"column":12},"end":{"line":10,"column":72}},"5":{"start":{"line":13,"column":8},"end":{"line":15,"column":9}},"6":{"start":{"line":14,"column":12},"end":{"line":14,"column":104}},"7":{"start":{"line":17,"column":25},"end":{"line":17,"column":43}},"8":{"start":{"line":19,"column":30},"end":{"line":23,"column":10}},"9":{"start":{"line":25,"column":26},"end":{"line":25,"column":96}},"10":{"start":{"line":25,"column":63},"end":{"line":25,"column":92}},"11":{"start":{"line":27,"column":8},"end":{"line":31,"column":11}},"12":{"start":{"line":33,"column":8},"end":{"line":33,"column":20}},"13":{"start":{"line":38,"column":4},"end":{"line":72,"column":5}},"14":{"start":{"line":40,"column":8},"end":{"line":40,"column":71}},"15":{"start":{"line":41,"column":8},"end":{"line":41,"column":67}},"16":{"start":{"line":43,"column":33},"end":{"line":43,"column":41}},"17":{"start":{"line":44,"column":43},"end":{"line":44,"column":51}},"18":{"start":{"line":46,"column":8},"end":{"line":48,"column":9}},"19":{"start":{"line":47,"column":12},"end":{"line":47,"column":71}},"20":{"start":{"line":50,"column":8},"end":{"line":52,"column":9}},"21":{"start":{"line":51,"column":12},"end":{"line":51,"column":113}},"22":{"start":{"line":54,"column":8},"end":{"line":56,"column":9}},"23":{"start":{"line":55,"column":12},"end":{"line":55,"column":114}},"24":{"start":{"line":58,"column":27},"end":{"line":63,"column":10}},"25":{"start":{"line":65,"column":8},"end":{"line":68,"column":11}},"26":{"start":{"line":70,"column":8},"end":{"line":70,"column":72}},"27":{"start":{"line":71,"column":8},"end":{"line":71,"column":20}},"28":{"start":{"line":76,"column":4},"end":{"line":125,"column":5}},"29":{"start":{"line":77,"column":33},"end":{"line":77,"column":41}},"30":{"start":{"line":78,"column":69},"end":{"line":78,"column":77}},"31":{"start":{"line":80,"column":8},"end":{"line":82,"column":9}},"32":{"start":{"line":81,"column":12},"end":{"line":81,"column":71}},"33":{"start":{"line":84,"column":8},"end":{"line":86,"column":9}},"34":{"start":{"line":85,"column":12},"end":{"line":85,"column":110}},"35":{"start":{"line":88,"column":30},"end":{"line":88,"column":89}},"36":{"start":{"line":90,"column":8},"end":{"line":92,"column":9}},"37":{"start":{"line":91,"column":12},"end":{"line":91,"column":121}},"38":{"start":{"line":94,"column":30},"end":{"line":98,"column":10}},"39":{"start":{"line":100,"column":26},"end":{"line":100,"column":96}},"40":{"start":{"line":100,"column":63},"end":{"line":100,"column":92}},"41":{"start":{"line":101,"column":29},"end":{"line":101,"column":66}},"42":{"start":{"line":103,"column":31},"end":{"line":116,"column":9}},"43":{"start":{"line":118,"column":8},"end":{"line":121,"column":11}},"44":{"start":{"line":124,"column":8},"end":{"line":124,"column":20}}},"fnMap":{"0":{"name":"getTurnoTotal","decl":{"start":{"line":4,"column":15},"end":{"line":4,"column":28}},"loc":{"start":{"line":4,"column":45},"end":{"line":35,"column":1}},"line":4},"1":{"name":"(anonymous_1)","decl":{"start":{"line":25,"column":47},"end":{"line":25,"column":48}},"loc":{"start":{"line":25,"column":63},"end":{"line":25,"column":92}},"line":25},"2":{"name":"openCashSession","decl":{"start":{"line":37,"column":15},"end":{"line":37,"column":30}},"loc":{"start":{"line":37,"column":47},"end":{"line":73,"column":1}},"line":37},"3":{"name":"closeCashSession","decl":{"start":{"line":75,"column":15},"end":{"line":75,"column":31}},"loc":{"start":{"line":75,"column":48},"end":{"line":126,"column":1}},"line":75},"4":{"name":"(anonymous_4)","decl":{"start":{"line":100,"column":47},"end":{"line":100,"column":48}},"loc":{"start":{"line":100,"column":63},"end":{"line":100,"column":92}},"line":100}},"branchMap":{"0":{"loc":{"start":{"line":9,"column":8},"end":{"line":11,"column":9}},"type":"if","locations":[{"start":{"line":9,"column":8},"end":{"line":11,"column":9}},{"start":{},"end":{}}],"line":9},"1":{"loc":{"start":{"line":13,"column":8},"end":{"line":15,"column":9}},"type":"if","locations":[{"start":{"line":13,"column":8},"end":{"line":15,"column":9}},{"start":{},"end":{}}],"line":13},"2":{"loc":{"start":{"line":25,"column":70},"end":{"line":25,"column":91}},"type":"binary-expr","locations":[{"start":{"line":25,"column":70},"end":{"line":25,"column":86}},{"start":{"line":25,"column":90},"end":{"line":25,"column":91}}],"line":25},"3":{"loc":{"start":{"line":46,"column":8},"end":{"line":48,"column":9}},"type":"if","locations":[{"start":{"line":46,"column":8},"end":{"line":48,"column":9}},{"start":{},"end":{}}],"line":46},"4":{"loc":{"start":{"line":50,"column":8},"end":{"line":52,"column":9}},"type":"if","locations":[{"start":{"line":50,"column":8},"end":{"line":52,"column":9}},{"start":{},"end":{}}],"line":50},"5":{"loc":{"start":{"line":54,"column":8},"end":{"line":56,"column":9}},"type":"if","locations":[{"start":{"line":54,"column":8},"end":{"line":56,"column":9}},{"start":{},"end":{}}],"line":54},"6":{"loc":{"start":{"line":54,"column":12},"end":{"line":54,"column":61}},"type":"binary-expr","locations":[{"start":{"line":54,"column":12},"end":{"line":54,"column":37}},{"start":{"line":54,"column":41},"end":{"line":54,"column":61}}],"line":54},"7":{"loc":{"start":{"line":61,"column":22},"end":{"line":61,"column":66}},"type":"cond-expr","locations":[{"start":{"line":61,"column":34},"end":{"line":61,"column":53}},{"start":{"line":61,"column":56},"end":{"line":61,"column":66}}],"line":61},"8":{"loc":{"start":{"line":80,"column":8},"end":{"line":82,"column":9}},"type":"if","locations":[{"start":{"line":80,"column":8},"end":{"line":82,"column":9}},{"start":{},"end":{}}],"line":80},"9":{"loc":{"start":{"line":84,"column":8},"end":{"line":86,"column":9}},"type":"if","locations":[{"start":{"line":84,"column":8},"end":{"line":86,"column":9}},{"start":{},"end":{}}],"line":84},"10":{"loc":{"start":{"line":90,"column":8},"end":{"line":92,"column":9}},"type":"if","locations":[{"start":{"line":90,"column":8},"end":{"line":92,"column":9}},{"start":{},"end":{}}],"line":90},"11":{"loc":{"start":{"line":100,"column":70},"end":{"line":100,"column":91}},"type":"binary-expr","locations":[{"start":{"line":100,"column":70},"end":{"line":100,"column":86}},{"start":{"line":100,"column":90},"end":{"line":100,"column":91}}],"line":100},"12":{"loc":{"start":{"line":107,"column":30},"end":{"line":107,"column":74}},"type":"cond-expr","locations":[{"start":{"line":107,"column":42},"end":{"line":107,"column":61}},{"start":{"line":107,"column":64},"end":{"line":107,"column":74}}],"line":107},"13":{"loc":{"start":{"line":112,"column":39},"end":{"line":112,"column":85}},"type":"cond-expr","locations":[{"start":{"line":112,"column":55},"end":{"line":112,"column":57}},{"start":{"line":112,"column":61},"end":{"line":112,"column":84}}],"line":112},"14":{"loc":{"start":{"line":112,"column":61},"end":{"line":112,"column":84}},"type":"binary-expr","locations":[{"start":{"line":112,"column":61},"end":{"line":112,"column":78}},{"start":{"line":112,"column":82},"end":{"line":112,"column":84}}],"line":112}},"s":{"0":0,"1":0,"2":0,"3":0,"4":0,"5":0,"6":0,"7":0,"8":0,"9":0,"10":0,"11":0,"12":0,"13":0,"14":0,"15":0,"16":0,"17":0,"18":0,"19":0,"20":0,"21":0,"22":0,"23":0,"24":0,"25":0,"26":0,"27":0,"28":0,"29":0,"30":0,"31":0,"32":0,"33":0,"34":0,"35":0,"36":0,"37":0,"38":0,"39":0,"40":0,"41":0,"42":0,"43":0,"44":0},"f":{"0":0,"1":0,"2":0,"3":0,"4":0},"b":{"0":[0,0],"1":[0,0],"2":[0,0],"3":[0,0],"4":[0,0],"5":[0,0],"6":[0,0],"7":[0,0],"8":[0,0],"9":[0,0],"10":[0,0],"11":[0,0],"12":[0,0],"13":[0,0],"14":[0,0]},"inputSourceMap":null,"_coverageSchema":"1a1c01bbd47fc00a2c39e90264f33305004495a9","hash":"10abfd1c783108f2bad1047608d6529a960bdf12"}
,"C:\\Users\\Usuario\\Documents\\GitHub\\Cafecito-Feliz\\cafecito-api\\src\\controllers\\categoryController.js": {"path":"C:\\Users\\Usuario\\Documents\\GitHub\\Cafecito-Feliz\\cafecito-api\\src\\controllers\\categoryController.js","statementMap":{"0":{"start":{"line":4,"column":4},"end":{"line":41,"column":5}},"1":{"start":{"line":5,"column":32},"end":{"line":5,"column":41}},"2":{"start":{"line":7,"column":8},"end":{"line":13,"column":9}},"3":{"start":{"line":8,"column":31},"end":{"line":10,"column":39}},"4":{"start":{"line":12,"column":12},"end":{"line":12,"column":56}},"5":{"start":{"line":15,"column":24},"end":{"line":15,"column":43}},"6":{"start":{"line":16,"column":25},"end":{"line":16,"column":46}},"7":{"start":{"line":17,"column":21},"end":{"line":17,"column":45}},"8":{"start":{"line":19,"column":27},"end":{"line":23,"column":28}},"9":{"start":{"line":25,"column":29},"end":{"line":25,"column":60}},"10":{"start":{"line":26,"column":27},"end":{"line":26,"column":61}},"11":{"start":{"line":28,"column":8},"end":{"line":37,"column":11}},"12":{"start":{"line":40,"column":8},"end":{"line":40,"column":20}},"13":{"start":{"line":45,"column":4},"end":{"line":56,"column":5}},"14":{"start":{"line":46,"column":25},"end":{"line":46,"column":98}},"15":{"start":{"line":48,"column":8},"end":{"line":50,"column":9}},"16":{"start":{"line":49,"column":12},"end":{"line":49,"column":75}},"17":{"start":{"line":52,"column":8},"end":{"line":52,"column":39}},"18":{"start":{"line":55,"column":8},"end":{"line":55,"column":20}},"19":{"start":{"line":60,"column":4},"end":{"line":74,"column":5}},"20":{"start":{"line":61,"column":51},"end":{"line":61,"column":59}},"21":{"start":{"line":63,"column":28},"end":{"line":67,"column":10}},"22":{"start":{"line":69,"column":8},"end":{"line":69,"column":33}},"23":{"start":{"line":70,"column":8},"end":{"line":70,"column":42}},"24":{"start":{"line":73,"column":8},"end":{"line":73,"column":20}},"25":{"start":{"line":78,"column":4},"end":{"line":111,"column":5}},"26":{"start":{"line":79,"column":51},"end":{"line":79,"column":59}},"27":{"start":{"line":81,"column":31},"end":{"line":81,"column":41}},"28":{"start":{"line":83,"column":8},"end":{"line":89,"column":9}},"29":{"start":{"line":88,"column":12},"end":{"line":88,"column":102}},"30":{"start":{"line":91,"column":27},"end":{"line":91,"column":29}},"31":{"start":{"line":93,"column":8},"end":{"line":93,"column":55}},"32":{"start":{"line":93,"column":32},"end":{"line":93,"column":55}},"33":{"start":{"line":94,"column":8},"end":{"line":94,"column":67}},"34":{"start":{"line":94,"column":36},"end":{"line":94,"column":67}},"35":{"start":{"line":95,"column":8},"end":{"line":95,"column":85}},"36":{"start":{"line":95,"column":42},"end":{"line":95,"column":85}},"37":{"start":{"line":97,"column":32},"end":{"line":101,"column":36}},"38":{"start":{"line":103,"column":8},"end":{"line":105,"column":9}},"39":{"start":{"line":104,"column":12},"end":{"line":104,"column":75}},"40":{"start":{"line":107,"column":8},"end":{"line":107,"column":46}},"41":{"start":{"line":110,"column":8},"end":{"line":110,"column":20}},"42":{"start":{"line":115,"column":4},"end":{"line":128,"column":5}},"43":{"start":{"line":116,"column":31},"end":{"line":116,"column":41}},"44":{"start":{"line":118,"column":32},"end":{"line":118,"column":76}},"45":{"start":{"line":120,"column":8},"end":{"line":122,"column":9}},"46":{"start":{"line":121,"column":12},"end":{"line":121,"column":75}},"47":{"start":{"line":124,"column":8},"end":{"line":124,"column":31}},"48":{"start":{"line":127,"column":8},"end":{"line":127,"column":20}},"49":{"start":{"line":132,"column":4},"end":{"line":202,"column":5}},"50":{"start":{"line":140,"column":12},"end":{"line":140,"column":21}},"51":{"start":{"line":142,"column":22},"end":{"line":142,"column":24}},"52":{"start":{"line":144,"column":8},"end":{"line":148,"column":9}},"53":{"start":{"line":145,"column":12},"end":{"line":147,"column":14}},"54":{"start":{"line":150,"column":8},"end":{"line":152,"column":9}},"55":{"start":{"line":151,"column":12},"end":{"line":151,"column":52}},"56":{"start":{"line":154,"column":26},"end":{"line":154,"column":28}},"57":{"start":{"line":156,"column":8},"end":{"line":161,"column":9}},"58":{"start":{"line":157,"column":30},"end":{"line":157,"column":55}},"59":{"start":{"line":158,"column":12},"end":{"line":158,"column":42}},"60":{"start":{"line":160,"column":12},"end":{"line":160,"column":34}},"61":{"start":{"line":163,"column":8},"end":{"line":168,"column":9}},"62":{"start":{"line":164,"column":31},"end":{"line":166,"column":34}},"63":{"start":{"line":167,"column":12},"end":{"line":167,"column":56}},"64":{"start":{"line":170,"column":25},"end":{"line":170,"column":46}},"65":{"start":{"line":171,"column":24},"end":{"line":171,"column":43}},"66":{"start":{"line":172,"column":21},"end":{"line":172,"column":45}},"67":{"start":{"line":174,"column":27},"end":{"line":178,"column":28}},"68":{"start":{"line":180,"column":29},"end":{"line":180,"column":67}},"69":{"start":{"line":181,"column":27},"end":{"line":181,"column":61}},"70":{"start":{"line":183,"column":8},"end":{"line":198,"column":11}},"71":{"start":{"line":201,"column":8},"end":{"line":201,"column":20}}},"fnMap":{"0":{"name":"getCategories","decl":{"start":{"line":3,"column":15},"end":{"line":3,"column":28}},"loc":{"start":{"line":3,"column":45},"end":{"line":42,"column":1}},"line":3},"1":{"name":"getCategoryById","decl":{"start":{"line":44,"column":15},"end":{"line":44,"column":30}},"loc":{"start":{"line":44,"column":47},"end":{"line":57,"column":1}},"line":44},"2":{"name":"createCategory","decl":{"start":{"line":59,"column":15},"end":{"line":59,"column":29}},"loc":{"start":{"line":59,"column":46},"end":{"line":75,"column":1}},"line":59},"3":{"name":"updateCategory","decl":{"start":{"line":77,"column":15},"end":{"line":77,"column":29}},"loc":{"start":{"line":77,"column":46},"end":{"line":112,"column":1}},"line":77},"4":{"name":"deleteCategory","decl":{"start":{"line":114,"column":15},"end":{"line":114,"column":29}},"loc":{"start":{"line":114,"column":46},"end":{"line":129,"column":1}},"line":114},"5":{"name":"searchCategories","decl":{"start":{"line":131,"column":15},"end":{"line":131,"column":31}},"loc":{"start":{"line":131,"column":48},"end":{"line":203,"column":1}},"line":131}},"branchMap":{"0":{"loc":{"start":{"line":7,"column":8},"end":{"line":13,"column":9}},"type":"if","locations":[{"start":{"line":7,"column":8},"end":{"line":13,"column":9}},{"start":{},"end":{}}],"line":7},"1":{"loc":{"start":{"line":7,"column":12},"end":{"line":7,"column":27}},"type":"binary-expr","locations":[{"start":{"line":7,"column":12},"end":{"line":7,"column":17}},{"start":{"line":7,"column":21},"end":{"line":7,"column":27}}],"line":7},"2":{"loc":{"start":{"line":15,"column":24},"end":{"line":15,"column":43}},"type":"binary-expr","locations":[{"start":{"line":15,"column":24},"end":{"line":15,"column":38}},{"start":{"line":15,"column":42},"end":{"line":15,"column":43}}],"line":15},"3":{"loc":{"start":{"line":16,"column":25},"end":{"line":16,"column":46}},"type":"binary-expr","locations":[{"start":{"line":16,"column":25},"end":{"line":16,"column":40}},{"start":{"line":16,"column":44},"end":{"line":16,"column":46}}],"line":16},"4":{"loc":{"start":{"line":48,"column":8},"end":{"line":50,"column":9}},"type":"if","locations":[{"start":{"line":48,"column":8},"end":{"line":50,"column":9}},{"start":{},"end":{}}],"line":48},"5":{"loc":{"start":{"line":83,"column":8},"end":{"line":89,"column":9}},"type":"if","locations":[{"start":{"line":83,"column":8},"end":{"line":89,"column":9}},{"start":{},"end":{}}],"line":83},"6":{"loc":{"start":{"line":84,"column":12},"end":{"line":86,"column":40}},"type":"binary-expr","locations":[{"start":{"line":84,"column":12},"end":{"line":84,"column":30}},{"start":{"line":85,"column":12},"end":{"line":85,"column":34}},{"start":{"line":86,"column":12},"end":{"line":86,"column":40}}],"line":84},"7":{"loc":{"start":{"line":93,"column":8},"end":{"line":93,"column":55}},"type":"if","locations":[{"start":{"line":93,"column":8},"end":{"line":93,"column":55}},{"start":{},"end":{}}],"line":93},"8":{"loc":{"start":{"line":94,"column":8},"end":{"line":94,"column":67}},"type":"if","locations":[{"start":{"line":94,"column":8},"end":{"line":94,"column":67}},{"start":{},"end":{}}],"line":94},"9":{"loc":{"start":{"line":95,"column":8},"end":{"line":95,"column":85}},"type":"if","locations":[{"start":{"line":95,"column":8},"end":{"line":95,"column":85}},{"start":{},"end":{}}],"line":95},"10":{"loc":{"start":{"line":103,"column":8},"end":{"line":105,"column":9}},"type":"if","locations":[{"start":{"line":103,"column":8},"end":{"line":105,"column":9}},{"start":{},"end":{}}],"line":103},"11":{"loc":{"start":{"line":120,"column":8},"end":{"line":122,"column":9}},"type":"if","locations":[{"start":{"line":120,"column":8},"end":{"line":122,"column":9}},{"start":{},"end":{}}],"line":120},"12":{"loc":{"start":{"line":144,"column":8},"end":{"line":148,"column":9}},"type":"if","locations":[{"start":{"line":144,"column":8},"end":{"line":148,"column":9}},{"start":{},"end":{}}],"line":144},"13":{"loc":{"start":{"line":150,"column":8},"end":{"line":152,"column":9}},"type":"if","locations":[{"start":{"line":150,"column":8},"end":{"line":152,"column":9}},{"start":{},"end":{}}],"line":150},"14":{"loc":{"start":{"line":156,"column":8},"end":{"line":161,"column":9}},"type":"if","locations":[{"start":{"line":156,"column":8},"end":{"line":161,"column":9}},{"start":{"line":159,"column":15},"end":{"line":161,"column":9}}],"line":156},"15":{"loc":{"start":{"line":157,"column":30},"end":{"line":157,"column":55}},"type":"cond-expr","locations":[{"start":{"line":157,"column":49},"end":{"line":157,"column":51}},{"start":{"line":157,"column":54},"end":{"line":157,"column":55}}],"line":157},"16":{"loc":{"start":{"line":163,"column":8},"end":{"line":168,"column":9}},"type":"if","locations":[{"start":{"line":163,"column":8},"end":{"line":168,"column":9}},{"start":{},"end":{}}],"line":163},"17":{"loc":{"start":{"line":163,"column":12},"end":{"line":163,"column":27}},"type":"binary-expr","locations":[{"start":{"line":163,"column":12},"end":{"line":163,"column":17}},{"start":{"line":163,"column":21},"end":{"line":163,"column":27}}],"line":163},"18":{"loc":{"start":{"line":170,"column":25},"end":{"line":170,"column":46}},"type":"binary-expr","locations":[{"start":{"line":170,"column":25},"end":{"line":170,"column":40}},{"start":{"line":170,"column":44},"end":{"line":170,"column":46}}],"line":170},"19":{"loc":{"start":{"line":171,"column":24},"end":{"line":171,"column":43}},"type":"binary-expr","locations":[{"start":{"line":171,"column":24},"end":{"line":171,"column":38}},{"start":{"line":171,"column":42},"end":{"line":171,"column":43}}],"line":171},"20":{"loc":{"start":{"line":193,"column":28},"end":{"line":193,"column":37}},"type":"binary-expr","locations":[{"start":{"line":193,"column":28},"end":{"line":193,"column":29}},{"start":{"line":193,"column":33},"end":{"line":193,"column":37}}],"line":193},"21":{"loc":{"start":{"line":194,"column":32},"end":{"line":194,"column":54}},"type":"binary-expr","locations":[{"start":{"line":194,"column":32},"end":{"line":194,"column":46}},{"start":{"line":194,"column":50},"end":{"line":194,"column":54}}],"line":194},"22":{"loc":{"start":{"line":195,"column":22},"end":{"line":195,"column":34}},"type":"binary-expr","locations":[{"start":{"line":195,"column":22},"end":{"line":195,"column":26}},{"start":{"line":195,"column":30},"end":{"line":195,"column":34}}],"line":195},"23":{"loc":{"start":{"line":196,"column":23},"end":{"line":196,"column":38}},"type":"binary-expr","locations":[{"start":{"line":196,"column":23},"end":{"line":196,"column":28}},{"start":{"line":196,"column":32},"end":{"line":196,"column":38}}],"line":196}},"s":{"0":0,"1":0,"2":0,"3":0,"4":0,"5":0,"6":0,"7":0,"8":0,"9":0,"10":0,"11":0,"12":0,"13":0,"14":0,"15":0,"16":0,"17":0,"18":0,"19":0,"20":0,"21":0,"22":0,"23":0,"24":0,"25":0,"26":0,"27":0,"28":0,"29":0,"30":0,"31":0,"32":0,"33":0,"34":0,"35":0,"36":0,"37":0,"38":0,"39":0,"40":0,"41":0,"42":0,"43":0,"44":0,"45":0,"46":0,"47":0,"48":0,"49":0,"50":0,"51":0,"52":0,"53":0,"54":0,"55":0,"56":0,"57":0,"58":0,"59":0,"60":0,"61":0,"62":0,"63":0,"64":0,"65":0,"66":0,"67":0,"68":0,"69":0,"70":0,"71":0},"f":{"0":0,"1":0,"2":0,"3":0,"4":0,"5":0},"b":{"0":[0,0],"1":[0,0],"2":[0,0],"3":[0,0],"4":[0,0],"5":[0,0],"6":[0,0,0],"7":[0,0],"8":[0,0],"9":[0,0],"10":[0,0],"11":[0,0],"12":[0,0],"13":[0,0],"14":[0,0],"15":[0,0],"16":[0,0],"17":[0,0],"18":[0,0],"19":[0,0],"20":[0,0],"21":[0,0],"22":[0,0],"23":[0,0]},"inputSourceMap":null,"_coverageSchema":"1a1c01bbd47fc00a2c39e90264f33305004495a9","hash":"53ba94664c9e93923cd6e4c0b2d23486f7faefb1"}
,"C:\\Users\\Usuario\\Documents\\GitHub\\Cafecito-Feliz\\cafecito-api\\src\\controllers\\clientController.js": {"path":"C:\\Users\\Usuario\\Documents\\GitHub\\Cafecito-Feliz\\cafecito-api\\src\\controllers\\clientController.js","statementMap":{"0":{"start":{"line":4,"column":4},"end":{"line":41,"column":5}},"1":{"start":{"line":5,"column":32},"end":{"line":5,"column":41}},"2":{"start":{"line":7,"column":8},"end":{"line":14,"column":9}},"3":{"start":{"line":8,"column":28},"end":{"line":9,"column":49}},"4":{"start":{"line":11,"column":12},"end":{"line":13,"column":15}},"5":{"start":{"line":16,"column":24},"end":{"line":16,"column":43}},"6":{"start":{"line":17,"column":25},"end":{"line":17,"column":46}},"7":{"start":{"line":18,"column":21},"end":{"line":18,"column":45}},"8":{"start":{"line":20,"column":24},"end":{"line":23,"column":28}},"9":{"start":{"line":25,"column":29},"end":{"line":25,"column":58}},"10":{"start":{"line":26,"column":27},"end":{"line":26,"column":61}},"11":{"start":{"line":28,"column":8},"end":{"line":37,"column":11}},"12":{"start":{"line":40,"column":8},"end":{"line":40,"column":20}},"13":{"start":{"line":45,"column":4},"end":{"line":65,"column":5}},"14":{"start":{"line":46,"column":39},"end":{"line":46,"column":47}},"15":{"start":{"line":48,"column":8},"end":{"line":50,"column":9}},"16":{"start":{"line":49,"column":12},"end":{"line":49,"column":88}},"17":{"start":{"line":52,"column":26},"end":{"line":55,"column":10}},"18":{"start":{"line":57,"column":8},"end":{"line":57,"column":31}},"19":{"start":{"line":59,"column":24},"end":{"line":59,"column":60}},"20":{"start":{"line":61,"column":8},"end":{"line":61,"column":90}},"21":{"start":{"line":64,"column":8},"end":{"line":64,"column":20}},"22":{"start":{"line":69,"column":4},"end":{"line":99,"column":5}},"23":{"start":{"line":70,"column":29},"end":{"line":70,"column":39}},"24":{"start":{"line":71,"column":39},"end":{"line":71,"column":47}},"25":{"start":{"line":73,"column":8},"end":{"line":77,"column":9}},"26":{"start":{"line":74,"column":12},"end":{"line":76,"column":15}},"27":{"start":{"line":79,"column":23},"end":{"line":79,"column":54}},"28":{"start":{"line":81,"column":8},"end":{"line":83,"column":9}},"29":{"start":{"line":82,"column":12},"end":{"line":82,"column":73}},"30":{"start":{"line":85,"column":8},"end":{"line":85,"column":58}},"31":{"start":{"line":85,"column":25},"end":{"line":85,"column":58}},"32":{"start":{"line":86,"column":8},"end":{"line":86,"column":40}},"33":{"start":{"line":86,"column":19},"end":{"line":86,"column":40}},"34":{"start":{"line":88,"column":8},"end":{"line":88,"column":28}},"35":{"start":{"line":90,"column":30},"end":{"line":90,"column":61}},"36":{"start":{"line":92,"column":8},"end":{"line":95,"column":11}},"37":{"start":{"line":98,"column":8},"end":{"line":98,"column":20}},"38":{"start":{"line":103,"column":4},"end":{"line":112,"column":5}},"39":{"start":{"line":104,"column":22},"end":{"line":106,"column":26}},"40":{"start":{"line":108,"column":23},"end":{"line":108,"column":54}},"41":{"start":{"line":109,"column":8},"end":{"line":109,"column":38}},"42":{"start":{"line":111,"column":8},"end":{"line":111,"column":18}},"43":{"start":{"line":116,"column":4},"end":{"line":135,"column":5}},"44":{"start":{"line":117,"column":27},"end":{"line":117,"column":36}},"45":{"start":{"line":119,"column":8},"end":{"line":121,"column":9}},"46":{"start":{"line":120,"column":12},"end":{"line":120,"column":92}},"47":{"start":{"line":123,"column":28},"end":{"line":123,"column":49}},"48":{"start":{"line":125,"column":24},"end":{"line":130,"column":19}},"49":{"start":{"line":132,"column":8},"end":{"line":132,"column":42}},"50":{"start":{"line":134,"column":8},"end":{"line":134,"column":20}}},"fnMap":{"0":{"name":"getClients","decl":{"start":{"line":3,"column":15},"end":{"line":3,"column":25}},"loc":{"start":{"line":3,"column":42},"end":{"line":42,"column":1}},"line":3},"1":{"name":"createClient","decl":{"start":{"line":44,"column":15},"end":{"line":44,"column":27}},"loc":{"start":{"line":44,"column":44},"end":{"line":66,"column":1}},"line":44},"2":{"name":"updateClient","decl":{"start":{"line":68,"column":15},"end":{"line":68,"column":27}},"loc":{"start":{"line":68,"column":44},"end":{"line":100,"column":1}},"line":68},"3":{"name":"checkEmail","decl":{"start":{"line":102,"column":15},"end":{"line":102,"column":25}},"loc":{"start":{"line":102,"column":42},"end":{"line":113,"column":1}},"line":102},"4":{"name":"searchClient","decl":{"start":{"line":115,"column":15},"end":{"line":115,"column":27}},"loc":{"start":{"line":115,"column":44},"end":{"line":136,"column":1}},"line":115}},"branchMap":{"0":{"loc":{"start":{"line":7,"column":8},"end":{"line":14,"column":9}},"type":"if","locations":[{"start":{"line":7,"column":8},"end":{"line":14,"column":9}},{"start":{},"end":{}}],"line":7},"1":{"loc":{"start":{"line":7,"column":12},"end":{"line":7,"column":27}},"type":"binary-expr","locations":[{"start":{"line":7,"column":12},"end":{"line":7,"column":17}},{"start":{"line":7,"column":21},"end":{"line":7,"column":27}}],"line":7},"2":{"loc":{"start":{"line":16,"column":24},"end":{"line":16,"column":43}},"type":"binary-expr","locations":[{"start":{"line":16,"column":24},"end":{"line":16,"column":38}},{"start":{"line":16,"column":42},"end":{"line":16,"column":43}}],"line":16},"3":{"loc":{"start":{"line":17,"column":25},"end":{"line":17,"column":46}},"type":"binary-expr","locations":[{"start":{"line":17,"column":25},"end":{"line":17,"column":40}},{"start":{"line":17,"column":44},"end":{"line":17,"column":46}}],"line":17},"4":{"loc":{"start":{"line":48,"column":8},"end":{"line":50,"column":9}},"type":"if","locations":[{"start":{"line":48,"column":8},"end":{"line":50,"column":9}},{"start":{},"end":{}}],"line":48},"5":{"loc":{"start":{"line":48,"column":12},"end":{"line":48,"column":34}},"type":"binary-expr","locations":[{"start":{"line":48,"column":12},"end":{"line":48,"column":24}},{"start":{"line":48,"column":28},"end":{"line":48,"column":34}}],"line":48},"6":{"loc":{"start":{"line":73,"column":8},"end":{"line":77,"column":9}},"type":"if","locations":[{"start":{"line":73,"column":8},"end":{"line":77,"column":9}},{"start":{},"end":{}}],"line":73},"7":{"loc":{"start":{"line":73,"column":12},"end":{"line":73,"column":34}},"type":"binary-expr","locations":[{"start":{"line":73,"column":12},"end":{"line":73,"column":24}},{"start":{"line":73,"column":28},"end":{"line":73,"column":34}}],"line":73},"8":{"loc":{"start":{"line":81,"column":8},"end":{"line":83,"column":9}},"type":"if","locations":[{"start":{"line":81,"column":8},"end":{"line":83,"column":9}},{"start":{},"end":{}}],"line":81},"9":{"loc":{"start":{"line":85,"column":8},"end":{"line":85,"column":58}},"type":"if","locations":[{"start":{"line":85,"column":8},"end":{"line":85,"column":58}},{"start":{},"end":{}}],"line":85},"10":{"loc":{"start":{"line":86,"column":8},"end":{"line":86,"column":40}},"type":"if","locations":[{"start":{"line":86,"column":8},"end":{"line":86,"column":40}},{"start":{},"end":{}}],"line":86},"11":{"loc":{"start":{"line":104,"column":29},"end":{"line":104,"column":50}},"type":"binary-expr","locations":[{"start":{"line":104,"column":29},"end":{"line":104,"column":44}},{"start":{"line":104,"column":48},"end":{"line":104,"column":50}}],"line":104},"12":{"loc":{"start":{"line":119,"column":8},"end":{"line":121,"column":9}},"type":"if","locations":[{"start":{"line":119,"column":8},"end":{"line":121,"column":9}},{"start":{},"end":{}}],"line":119}},"s":{"0":0,"1":0,"2":0,"3":0,"4":0,"5":0,"6":0,"7":0,"8":0,"9":0,"10":0,"11":0,"12":0,"13":0,"14":0,"15":0,"16":0,"17":0,"18":0,"19":0,"20":0,"21":0,"22":0,"23":0,"24":0,"25":0,"26":0,"27":0,"28":0,"29":0,"30":0,"31":0,"32":0,"33":0,"34":0,"35":0,"36":0,"37":0,"38":0,"39":0,"40":0,"41":0,"42":0,"43":0,"44":0,"45":0,"46":0,"47":0,"48":0,"49":0,"50":0},"f":{"0":0,"1":0,"2":0,"3":0,"4":0},"b":{"0":[0,0],"1":[0,0],"2":[0,0],"3":[0,0],"4":[0,0],"5":[0,0],"6":[0,0],"7":[0,0],"8":[0,0],"9":[0,0],"10":[0,0],"11":[0,0],"12":[0,0]},"inputSourceMap":null,"_coverageSchema":"1a1c01bbd47fc00a2c39e90264f33305004495a9","hash":"85263a3d3b67d54ca5431edb1b4f852452ac5a94"}
,"C:\\Users\\Usuario\\Documents\\GitHub\\Cafecito-Feliz\\cafecito-api\\src\\controllers\\orderController.js": {"path":"C:\\Users\\Usuario\\Documents\\GitHub\\Cafecito-Feliz\\cafecito-api\\src\\controllers\\orderController.js","statementMap":{"0":{"start":{"line":7,"column":4},"end":{"line":21,"column":5}},"1":{"start":{"line":9,"column":30},"end":{"line":12,"column":35}},"2":{"start":{"line":15,"column":8},"end":{"line":17,"column":11}},"3":{"start":{"line":20,"column":8},"end":{"line":20,"column":18}},"4":{"start":{"line":25,"column":4},"end":{"line":40,"column":5}},"5":{"start":{"line":26,"column":28},"end":{"line":26,"column":38}},"6":{"start":{"line":28,"column":22},"end":{"line":30,"column":43}},"7":{"start":{"line":32,"column":8},"end":{"line":34,"column":9}},"8":{"start":{"line":33,"column":12},"end":{"line":33,"column":72}},"9":{"start":{"line":36,"column":8},"end":{"line":36,"column":24}},"10":{"start":{"line":39,"column":8},"end":{"line":39,"column":20}},"11":{"start":{"line":44,"column":4},"end":{"line":73,"column":5}},"12":{"start":{"line":45,"column":25},"end":{"line":45,"column":44}},"13":{"start":{"line":46,"column":21},"end":{"line":46,"column":50}},"14":{"start":{"line":47,"column":22},"end":{"line":47,"column":53}},"15":{"start":{"line":48,"column":21},"end":{"line":48,"column":39}},"16":{"start":{"line":50,"column":23},"end":{"line":56,"column":25}},"17":{"start":{"line":58,"column":29},"end":{"line":58,"column":77}},"18":{"start":{"line":59,"column":27},"end":{"line":59,"column":58}},"19":{"start":{"line":61,"column":8},"end":{"line":70,"column":11}},"20":{"start":{"line":72,"column":8},"end":{"line":72,"column":18}},"21":{"start":{"line":77,"column":4},"end":{"line":221,"column":5}},"22":{"start":{"line":83,"column":12},"end":{"line":83,"column":20}},"23":{"start":{"line":85,"column":23},"end":{"line":85,"column":39}},"24":{"start":{"line":88,"column":8},"end":{"line":90,"column":9}},"25":{"start":{"line":89,"column":12},"end":{"line":89,"column":111}},"26":{"start":{"line":92,"column":8},"end":{"line":94,"column":9}},"27":{"start":{"line":93,"column":12},"end":{"line":93,"column":89}},"28":{"start":{"line":96,"column":28},"end":{"line":114,"column":11}},"29":{"start":{"line":97,"column":28},"end":{"line":97,"column":66}},"30":{"start":{"line":99,"column":12},"end":{"line":101,"column":13}},"31":{"start":{"line":100,"column":16},"end":{"line":100,"column":76}},"32":{"start":{"line":103,"column":12},"end":{"line":111,"column":13}},"33":{"start":{"line":104,"column":16},"end":{"line":110,"column":18}},"34":{"start":{"line":113,"column":12},"end":{"line":113,"column":68}},"35":{"start":{"line":116,"column":23},"end":{"line":116,"column":65}},"36":{"start":{"line":116,"column":53},"end":{"line":116,"column":64}},"37":{"start":{"line":118,"column":8},"end":{"line":123,"column":9}},"38":{"start":{"line":119,"column":12},"end":{"line":122,"column":15}},"39":{"start":{"line":125,"column":29},"end":{"line":133,"column":9}},"40":{"start":{"line":127,"column":16},"end":{"line":131,"column":18}},"41":{"start":{"line":136,"column":8},"end":{"line":149,"column":9}},"42":{"start":{"line":136,"column":42},"end":{"line":136,"column":49}},"43":{"start":{"line":138,"column":12},"end":{"line":145,"column":14}},"44":{"start":{"line":140,"column":20},"end":{"line":143,"column":21}},"45":{"start":{"line":141,"column":37},"end":{"line":141,"column":52}},"46":{"start":{"line":142,"column":24},"end":{"line":142,"column":110}},"47":{"start":{"line":146,"column":12},"end":{"line":148,"column":15}},"48":{"start":{"line":151,"column":33},"end":{"line":151,"column":34}},"49":{"start":{"line":153,"column":8},"end":{"line":163,"column":9}},"50":{"start":{"line":154,"column":31},"end":{"line":154,"column":60}},"51":{"start":{"line":156,"column":12},"end":{"line":162,"column":13}},"52":{"start":{"line":157,"column":34},"end":{"line":157,"column":68}},"53":{"start":{"line":159,"column":16},"end":{"line":161,"column":68}},"54":{"start":{"line":159,"column":54},"end":{"line":159,"column":80}},"55":{"start":{"line":160,"column":21},"end":{"line":161,"column":68}},"56":{"start":{"line":160,"column":59},"end":{"line":160,"column":85}},"57":{"start":{"line":161,"column":21},"end":{"line":161,"column":68}},"58":{"start":{"line":161,"column":42},"end":{"line":161,"column":68}},"59":{"start":{"line":165,"column":35},"end":{"line":170,"column":11}},"60":{"start":{"line":165,"column":70},"end":{"line":170,"column":9}},"61":{"start":{"line":173,"column":63},"end":{"line":173,"column":127}},"62":{"start":{"line":175,"column":8},"end":{"line":218,"column":9}},"63":{"start":{"line":176,"column":37},"end":{"line":176,"column":65}},"64":{"start":{"line":177,"column":36},"end":{"line":177,"column":56}},"65":{"start":{"line":179,"column":29},"end":{"line":191,"column":14}},"66":{"start":{"line":193,"column":12},"end":{"line":198,"column":13}},"67":{"start":{"line":194,"column":16},"end":{"line":197,"column":19}},"68":{"start":{"line":200,"column":12},"end":{"line":200,"column":75}},"69":{"start":{"line":201,"column":12},"end":{"line":201,"column":58}},"70":{"start":{"line":203,"column":12},"end":{"line":203,"column":58}},"71":{"start":{"line":203,"column":24},"end":{"line":203,"column":58}},"72":{"start":{"line":205,"column":12},"end":{"line":205,"column":43}},"73":{"start":{"line":208,"column":12},"end":{"line":208,"column":87}},"74":{"start":{"line":210,"column":12},"end":{"line":216,"column":14}},"75":{"start":{"line":212,"column":20},"end":{"line":214,"column":22}},"76":{"start":{"line":217,"column":12},"end":{"line":217,"column":24}},"77":{"start":{"line":220,"column":8},"end":{"line":220,"column":20}},"78":{"start":{"line":225,"column":4},"end":{"line":250,"column":5}},"79":{"start":{"line":226,"column":28},"end":{"line":226,"column":38}},"80":{"start":{"line":227,"column":27},"end":{"line":227,"column":35}},"81":{"start":{"line":229,"column":22},"end":{"line":229,"column":51}},"82":{"start":{"line":231,"column":8},"end":{"line":233,"column":9}},"83":{"start":{"line":232,"column":12},"end":{"line":232,"column":72}},"84":{"start":{"line":236,"column":8},"end":{"line":240,"column":9}},"85":{"start":{"line":237,"column":12},"end":{"line":239,"column":15}},"86":{"start":{"line":242,"column":29},"end":{"line":244,"column":43}},"87":{"start":{"line":246,"column":8},"end":{"line":246,"column":50}},"88":{"start":{"line":249,"column":8},"end":{"line":249,"column":18}},"89":{"start":{"line":254,"column":4},"end":{"line":304,"column":5}},"90":{"start":{"line":255,"column":37},"end":{"line":255,"column":45}},"91":{"start":{"line":257,"column":8},"end":{"line":259,"column":9}},"92":{"start":{"line":258,"column":12},"end":{"line":258,"column":83}},"93":{"start":{"line":261,"column":28},"end":{"line":270,"column":11}},"94":{"start":{"line":262,"column":28},"end":{"line":262,"column":66}},"95":{"start":{"line":264,"column":12},"end":{"line":264,"column":38}},"96":{"start":{"line":264,"column":26},"end":{"line":264,"column":38}},"97":{"start":{"line":266,"column":12},"end":{"line":269,"column":14}},"98":{"start":{"line":272,"column":8},"end":{"line":274,"column":9}},"99":{"start":{"line":272,"column":36},"end":{"line":272,"column":46}},"100":{"start":{"line":273,"column":12},"end":{"line":273,"column":87}},"101":{"start":{"line":276,"column":33},"end":{"line":276,"column":34}},"102":{"start":{"line":278,"column":8},"end":{"line":287,"column":9}},"103":{"start":{"line":279,"column":31},"end":{"line":279,"column":60}},"104":{"start":{"line":280,"column":12},"end":{"line":286,"column":13}},"105":{"start":{"line":281,"column":34},"end":{"line":281,"column":68}},"106":{"start":{"line":283,"column":16},"end":{"line":285,"column":68}},"107":{"start":{"line":283,"column":54},"end":{"line":283,"column":80}},"108":{"start":{"line":284,"column":21},"end":{"line":285,"column":68}},"109":{"start":{"line":284,"column":59},"end":{"line":284,"column":85}},"110":{"start":{"line":285,"column":21},"end":{"line":285,"column":68}},"111":{"start":{"line":285,"column":42},"end":{"line":285,"column":68}},"112":{"start":{"line":289,"column":27},"end":{"line":289,"column":84}},"113":{"start":{"line":291,"column":8},"end":{"line":295,"column":11}},"114":{"start":{"line":298,"column":8},"end":{"line":298,"column":67}},"115":{"start":{"line":299,"column":8},"end":{"line":302,"column":11}}},"fnMap":{"0":{"name":"getOrders","decl":{"start":{"line":6,"column":15},"end":{"line":6,"column":24}},"loc":{"start":{"line":6,"column":41},"end":{"line":22,"column":1}},"line":6},"1":{"name":"getOrderById","decl":{"start":{"line":24,"column":15},"end":{"line":24,"column":27}},"loc":{"start":{"line":24,"column":44},"end":{"line":41,"column":1}},"line":24},"2":{"name":"getOrdersByClient","decl":{"start":{"line":43,"column":15},"end":{"line":43,"column":32}},"loc":{"start":{"line":43,"column":49},"end":{"line":74,"column":1}},"line":43},"3":{"name":"createOrder","decl":{"start":{"line":76,"column":15},"end":{"line":76,"column":26}},"loc":{"start":{"line":76,"column":43},"end":{"line":222,"column":1}},"line":76},"4":{"name":"(anonymous_4)","decl":{"start":{"line":96,"column":59},"end":{"line":96,"column":60}},"loc":{"start":{"line":96,"column":75},"end":{"line":114,"column":9}},"line":96},"5":{"name":"(anonymous_5)","decl":{"start":{"line":116,"column":42},"end":{"line":116,"column":43}},"loc":{"start":{"line":116,"column":53},"end":{"line":116,"column":64}},"line":116},"6":{"name":"(anonymous_6)","decl":{"start":{"line":126,"column":25},"end":{"line":126,"column":26}},"loc":{"start":{"line":126,"column":41},"end":{"line":132,"column":13}},"line":126},"7":{"name":"(anonymous_7)","decl":{"start":{"line":136,"column":30},"end":{"line":136,"column":31}},"loc":{"start":{"line":136,"column":42},"end":{"line":136,"column":49}},"line":136},"8":{"name":"(anonymous_8)","decl":{"start":{"line":139,"column":32},"end":{"line":139,"column":33}},"loc":{"start":{"line":139,"column":56},"end":{"line":144,"column":17}},"line":139},"9":{"name":"(anonymous_9)","decl":{"start":{"line":165,"column":51},"end":{"line":165,"column":52}},"loc":{"start":{"line":165,"column":70},"end":{"line":170,"column":9}},"line":165},"10":{"name":"(anonymous_10)","decl":{"start":{"line":211,"column":29},"end":{"line":211,"column":30}},"loc":{"start":{"line":211,"column":45},"end":{"line":215,"column":17}},"line":211},"11":{"name":"updateOrderStatus","decl":{"start":{"line":224,"column":15},"end":{"line":224,"column":32}},"loc":{"start":{"line":224,"column":49},"end":{"line":251,"column":1}},"line":224},"12":{"name":"previewOrder","decl":{"start":{"line":253,"column":15},"end":{"line":253,"column":27}},"loc":{"start":{"line":253,"column":44},"end":{"line":305,"column":1}},"line":253},"13":{"name":"(anonymous_13)","decl":{"start":{"line":261,"column":59},"end":{"line":261,"column":60}},"loc":{"start":{"line":261,"column":75},"end":{"line":270,"column":9}},"line":261},"14":{"name":"(anonymous_14)","decl":{"start":{"line":272,"column":29},"end":{"line":272,"column":30}},"loc":{"start":{"line":272,"column":36},"end":{"line":272,"column":46}},"line":272}},"branchMap":{"0":{"loc":{"start":{"line":32,"column":8},"end":{"line":34,"column":9}},"type":"if","locations":[{"start":{"line":32,"column":8},"end":{"line":34,"column":9}},{"start":{},"end":{}}],"line":32},"1":{"loc":{"start":{"line":46,"column":21},"end":{"line":46,"column":50}},"type":"binary-expr","locations":[{"start":{"line":46,"column":21},"end":{"line":46,"column":45}},{"start":{"line":46,"column":49},"end":{"line":46,"column":50}}],"line":46},"2":{"loc":{"start":{"line":47,"column":22},"end":{"line":47,"column":53}},"type":"binary-expr","locations":[{"start":{"line":47,"column":22},"end":{"line":47,"column":47}},{"start":{"line":47,"column":51},"end":{"line":47,"column":53}}],"line":47},"3":{"loc":{"start":{"line":88,"column":8},"end":{"line":90,"column":9}},"type":"if","locations":[{"start":{"line":88,"column":8},"end":{"line":90,"column":9}},{"start":{},"end":{}}],"line":88},"4":{"loc":{"start":{"line":92,"column":8},"end":{"line":94,"column":9}},"type":"if","locations":[{"start":{"line":92,"column":8},"end":{"line":94,"column":9}},{"start":{},"end":{}}],"line":92},"5":{"loc":{"start":{"line":92,"column":12},"end":{"line":92,"column":46}},"type":"binary-expr","locations":[{"start":{"line":92,"column":12},"end":{"line":92,"column":21}},{"start":{"line":92,"column":25},"end":{"line":92,"column":46}}],"line":92},"6":{"loc":{"start":{"line":99,"column":12},"end":{"line":101,"column":13}},"type":"if","locations":[{"start":{"line":99,"column":12},"end":{"line":101,"column":13}},{"start":{},"end":{}}],"line":99},"7":{"loc":{"start":{"line":103,"column":12},"end":{"line":111,"column":13}},"type":"if","locations":[{"start":{"line":103,"column":12},"end":{"line":111,"column":13}},{"start":{},"end":{}}],"line":103},"8":{"loc":{"start":{"line":118,"column":8},"end":{"line":123,"column":9}},"type":"if","locations":[{"start":{"line":118,"column":8},"end":{"line":123,"column":9}},{"start":{},"end":{}}],"line":118},"9":{"loc":{"start":{"line":136,"column":8},"end":{"line":149,"column":9}},"type":"if","locations":[{"start":{"line":136,"column":8},"end":{"line":149,"column":9}},{"start":{},"end":{}}],"line":136},"10":{"loc":{"start":{"line":140,"column":20},"end":{"line":143,"column":21}},"type":"if","locations":[{"start":{"line":140,"column":20},"end":{"line":143,"column":21}},{"start":{},"end":{}}],"line":140},"11":{"loc":{"start":{"line":153,"column":8},"end":{"line":163,"column":9}},"type":"if","locations":[{"start":{"line":153,"column":8},"end":{"line":163,"column":9}},{"start":{},"end":{}}],"line":153},"12":{"loc":{"start":{"line":156,"column":12},"end":{"line":162,"column":13}},"type":"if","locations":[{"start":{"line":156,"column":12},"end":{"line":162,"column":13}},{"start":{},"end":{}}],"line":156},"13":{"loc":{"start":{"line":157,"column":34},"end":{"line":157,"column":68}},"type":"binary-expr","locations":[{"start":{"line":157,"column":34},"end":{"line":157,"column":63}},{"start":{"line":157,"column":67},"end":{"line":157,"column":68}}],"line":157},"14":{"loc":{"start":{"line":159,"column":16},"end":{"line":161,"column":68}},"type":"if","locations":[{"start":{"line":159,"column":16},"end":{"line":161,"column":68}},{"start":{"line":160,"column":21},"end":{"line":161,"column":68}}],"line":159},"15":{"loc":{"start":{"line":159,"column":20},"end":{"line":159,"column":52}},"type":"binary-expr","locations":[{"start":{"line":159,"column":20},"end":{"line":159,"column":34}},{"start":{"line":159,"column":38},"end":{"line":159,"column":52}}],"line":159},"16":{"loc":{"start":{"line":160,"column":21},"end":{"line":161,"column":68}},"type":"if","locations":[{"start":{"line":160,"column":21},"end":{"line":161,"column":68}},{"start":{"line":161,"column":21},"end":{"line":161,"column":68}}],"line":160},"17":{"loc":{"start":{"line":160,"column":25},"end":{"line":160,"column":57}},"type":"binary-expr","locations":[{"start":{"line":160,"column":25},"end":{"line":160,"column":39}},{"start":{"line":160,"column":43},"end":{"line":160,"column":57}}],"line":160},"18":{"loc":{"start":{"line":161,"column":21},"end":{"line":161,"column":68}},"type":"if","locations":[{"start":{"line":161,"column":21},"end":{"line":161,"column":68}},{"start":{},"end":{}}],"line":161},"19":{"loc":{"start":{"line":169,"column":19},"end":{"line":169,"column":46}},"type":"binary-expr","locations":[{"start":{"line":169,"column":19},"end":{"line":169,"column":40}},{"start":{"line":169,"column":44},"end":{"line":169,"column":46}}],"line":169},"20":{"loc":{"start":{"line":181,"column":24},"end":{"line":181,"column":38}},"type":"binary-expr","locations":[{"start":{"line":181,"column":24},"end":{"line":181,"column":30}},{"start":{"line":181,"column":34},"end":{"line":181,"column":38}}],"line":181},"21":{"loc":{"start":{"line":193,"column":12},"end":{"line":198,"column":13}},"type":"if","locations":[{"start":{"line":193,"column":12},"end":{"line":198,"column":13}},{"start":{},"end":{}}],"line":193},"22":{"loc":{"start":{"line":203,"column":12},"end":{"line":203,"column":58}},"type":"if","locations":[{"start":{"line":203,"column":12},"end":{"line":203,"column":58}},{"start":{},"end":{}}],"line":203},"23":{"loc":{"start":{"line":231,"column":8},"end":{"line":233,"column":9}},"type":"if","locations":[{"start":{"line":231,"column":8},"end":{"line":233,"column":9}},{"start":{},"end":{}}],"line":231},"24":{"loc":{"start":{"line":236,"column":8},"end":{"line":240,"column":9}},"type":"if","locations":[{"start":{"line":236,"column":8},"end":{"line":240,"column":9}},{"start":{},"end":{}}],"line":236},"25":{"loc":{"start":{"line":257,"column":8},"end":{"line":259,"column":9}},"type":"if","locations":[{"start":{"line":257,"column":8},"end":{"line":259,"column":9}},{"start":{},"end":{}}],"line":257},"26":{"loc":{"start":{"line":257,"column":12},"end":{"line":257,"column":74}},"type":"binary-expr","locations":[{"start":{"line":257,"column":12},"end":{"line":257,"column":21}},{"start":{"line":257,"column":25},"end":{"line":257,"column":49}},{"start":{"line":257,"column":53},"end":{"line":257,"column":74}}],"line":257},"27":{"loc":{"start":{"line":264,"column":12},"end":{"line":264,"column":38}},"type":"if","locations":[{"start":{"line":264,"column":12},"end":{"line":264,"column":38}},{"start":{},"end":{}}],"line":264},"28":{"loc":{"start":{"line":272,"column":8},"end":{"line":274,"column":9}},"type":"if","locations":[{"start":{"line":272,"column":8},"end":{"line":274,"column":9}},{"start":{},"end":{}}],"line":272},"29":{"loc":{"start":{"line":278,"column":8},"end":{"line":287,"column":9}},"type":"if","locations":[{"start":{"line":278,"column":8},"end":{"line":287,"column":9}},{"start":{},"end":{}}],"line":278},"30":{"loc":{"start":{"line":280,"column":12},"end":{"line":286,"column":13}},"type":"if","locations":[{"start":{"line":280,"column":12},"end":{"line":286,"column":13}},{"start":{},"end":{}}],"line":280},"31":{"loc":{"start":{"line":281,"column":34},"end":{"line":281,"column":68}},"type":"binary-expr","locations":[{"start":{"line":281,"column":34},"end":{"line":281,"column":63}},{"start":{"line":281,"column":67},"end":{"line":281,"column":68}}],"line":281},"32":{"loc":{"start":{"line":283,"column":16},"end":{"line":285,"column":68}},"type":"if","locations":[{"start":{"line":283,"column":16},"end":{"line":285,"column":68}},{"start":{"line":284,"column":21},"end":{"line":285,"column":68}}],"line":283},"33":{"loc":{"start":{"line":283,"column":20},"end":{"line":283,"column":52}},"type":"binary-expr","locations":[{"start":{"line":283,"column":20},"end":{"line":283,"column":34}},{"start":{"line":283,"column":38},"end":{"line":283,"column":52}}],"line":283},"34":{"loc":{"start":{"line":284,"column":21},"end":{"line":285,"column":68}},"type":"if","locations":[{"start":{"line":284,"column":21},"end":{"line":285,"column":68}},{"start":{"line":285,"column":21},"end":{"line":285,"column":68}}],"line":284},"35":{"loc":{"start":{"line":284,"column":25},"end":{"line":284,"column":57}},"type":"binary-expr","locations":[{"start":{"line":284,"column":25},"end":{"line":284,"column":39}},{"start":{"line":284,"column":43},"end":{"line":284,"column":57}}],"line":284},"36":{"loc":{"start":{"line":285,"column":21},"end":{"line":285,"column":68}},"type":"if","locations":[{"start":{"line":285,"column":21},"end":{"line":285,"column":68}},{"start":{},"end":{}}],"line":285}},"s":{"0":0,"1":0,"2":0,"3":0,"4":0,"5":0,"6":0,"7":0,"8":0,"9":0,"10":0,"11":0,"12":0,"13":0,"14":0,"15":0,"16":0,"17":0,"18":0,"19":0,"20":0,"21":0,"22":0,"23":0,"24":0,"25":0,"26":0,"27":0,"28":0,"29":0,"30":0,"31":0,"32":0,"33":0,"34":0,"35":0,"36":0,"37":0,"38":0,"39":0,"40":0,"41":0,"42":0,"43":0,"44":0,"45":0,"46":0,"47":0,"48":0,"49":0,"50":0,"51":0,"52":0,"53":0,"54":0,"55":0,"56":0,"57":0,"58":0,"59":0,"60":0,"61":0,"62":0,"63":0,"64":0,"65":0,"66":0,"67":0,"68":0,"69":0,"70":0,"71":0,"72":0,"73":0,"74":0,"75":0,"76":0,"77":0,"78":0,"79":0,"80":0,"81":0,"82":0,"83":0,"84":0,"85":0,"86":0,"87":0,"88":0,"89":0,"90":0,"91":0,"92":0,"93":0,"94":0,"95":0,"96":0,"97":0,"98":0,"99":0,"100":0,"101":0,"102":0,"103":0,"104":0,"105":0,"106":0,"107":0,"108":0,"109":0,"110":0,"111":0,"112":0,"113":0,"114":0,"115":0},"f":{"0":0,"1":0,"2":0,"3":0,"4":0,"5":0,"6":0,"7":0,"8":0,"9":0,"10":0,"11":0,"12":0,"13":0,"14":0},"b":{"0":[0,0],"1":[0,0],"2":[0,0],"3":[0,0],"4":[0,0],"5":[0,0],"6":[0,0],"7":[0,0],"8":[0,0],"9":[0,0],"10":[0,0],"11":[0,0],"12":[0,0],"13":[0,0],"14":[0,0],"15":[0,0],"16":[0,0],"17":[0,0],"18":[0,0],"19":[0,0],"20":[0,0],"21":[0,0],"22":[0,0],"23":[0,0],"24":[0,0],"25":[0,0],"26":[0,0,0],"27":[0,0],"28":[0,0],"29":[0,0],"30":[0,0],"31":[0,0],"32":[0,0],"33":[0,0],"34":[0,0],"35":[0,0],"36":[0,0]},"inputSourceMap":null,"_coverageSchema":"1a1c01bbd47fc00a2c39e90264f33305004495a9","hash":"fc181d74c4325ab9fc36c5dbfbd8c80f22951b6c"}
,"C:\\Users\\Usuario\\Documents\\GitHub\\Cafecito-Feliz\\cafecito-api\\src\\controllers\\productController.js": {"path":"C:\\Users\\Usuario\\Documents\\GitHub\\Cafecito-Feliz\\cafecito-api\\src\\controllers\\productController.js","statementMap":{"0":{"start":{"line":4,"column":4},"end":{"line":58,"column":5}},"1":{"start":{"line":5,"column":42},"end":{"line":5,"column":51}},"2":{"start":{"line":7,"column":28},"end":{"line":7,"column":30}},"3":{"start":{"line":9,"column":8},"end":{"line":11,"column":9}},"4":{"start":{"line":10,"column":12},"end":{"line":10,"column":50}},"5":{"start":{"line":13,"column":8},"end":{"line":30,"column":9}},"6":{"start":{"line":14,"column":29},"end":{"line":16,"column":34}},"7":{"start":{"line":18,"column":26},"end":{"line":18,"column":41}},"8":{"start":{"line":20,"column":12},"end":{"line":29,"column":15}},"9":{"start":{"line":32,"column":24},"end":{"line":32,"column":43}},"10":{"start":{"line":33,"column":25},"end":{"line":33,"column":46}},"11":{"start":{"line":34,"column":21},"end":{"line":34,"column":45}},"12":{"start":{"line":36,"column":25},"end":{"line":40,"column":28}},"13":{"start":{"line":42,"column":29},"end":{"line":42,"column":70}},"14":{"start":{"line":43,"column":27},"end":{"line":43,"column":61}},"15":{"start":{"line":45,"column":8},"end":{"line":54,"column":11}},"16":{"start":{"line":57,"column":8},"end":{"line":57,"column":20}},"17":{"start":{"line":62,"column":4},"end":{"line":75,"column":5}},"18":{"start":{"line":63,"column":30},"end":{"line":63,"column":40}},"19":{"start":{"line":65,"column":24},"end":{"line":65,"column":84}},"20":{"start":{"line":67,"column":8},"end":{"line":69,"column":9}},"21":{"start":{"line":68,"column":12},"end":{"line":68,"column":74}},"22":{"start":{"line":71,"column":8},"end":{"line":71,"column":26}},"23":{"start":{"line":74,"column":8},"end":{"line":74,"column":20}},"24":{"start":{"line":79,"column":4},"end":{"line":90,"column":5}},"25":{"start":{"line":80,"column":31},"end":{"line":80,"column":41}},"26":{"start":{"line":82,"column":25},"end":{"line":84,"column":30}},"27":{"start":{"line":86,"column":8},"end":{"line":86,"column":27}},"28":{"start":{"line":89,"column":8},"end":{"line":89,"column":20}},"29":{"start":{"line":94,"column":4},"end":{"line":113,"column":5}},"30":{"start":{"line":95,"column":65},"end":{"line":95,"column":73}},"31":{"start":{"line":97,"column":27},"end":{"line":103,"column":10}},"32":{"start":{"line":105,"column":8},"end":{"line":105,"column":32}},"33":{"start":{"line":107,"column":33},"end":{"line":107,"column":98}},"34":{"start":{"line":109,"column":8},"end":{"line":109,"column":47}},"35":{"start":{"line":112,"column":8},"end":{"line":112,"column":20}},"36":{"start":{"line":117,"column":4},"end":{"line":150,"column":5}},"37":{"start":{"line":118,"column":30},"end":{"line":118,"column":40}},"38":{"start":{"line":119,"column":65},"end":{"line":119,"column":73}},"39":{"start":{"line":121,"column":8},"end":{"line":128,"column":9}},"40":{"start":{"line":127,"column":12},"end":{"line":127,"column":102}},"41":{"start":{"line":130,"column":24},"end":{"line":130,"column":57}},"42":{"start":{"line":132,"column":8},"end":{"line":134,"column":9}},"43":{"start":{"line":133,"column":12},"end":{"line":133,"column":74}},"44":{"start":{"line":136,"column":8},"end":{"line":136,"column":52}},"45":{"start":{"line":136,"column":32},"end":{"line":136,"column":52}},"46":{"start":{"line":137,"column":8},"end":{"line":137,"column":55}},"47":{"start":{"line":137,"column":33},"end":{"line":137,"column":55}},"48":{"start":{"line":138,"column":8},"end":{"line":138,"column":55}},"49":{"start":{"line":138,"column":33},"end":{"line":138,"column":55}},"50":{"start":{"line":139,"column":8},"end":{"line":139,"column":64}},"51":{"start":{"line":139,"column":36},"end":{"line":139,"column":64}},"52":{"start":{"line":140,"column":8},"end":{"line":140,"column":82}},"53":{"start":{"line":140,"column":42},"end":{"line":140,"column":82}},"54":{"start":{"line":142,"column":8},"end":{"line":142,"column":29}},"55":{"start":{"line":144,"column":31},"end":{"line":144,"column":91}},"56":{"start":{"line":146,"column":8},"end":{"line":146,"column":45}},"57":{"start":{"line":149,"column":8},"end":{"line":149,"column":20}},"58":{"start":{"line":154,"column":4},"end":{"line":167,"column":5}},"59":{"start":{"line":155,"column":30},"end":{"line":155,"column":40}},"60":{"start":{"line":157,"column":31},"end":{"line":157,"column":73}},"61":{"start":{"line":159,"column":8},"end":{"line":163,"column":9}},"62":{"start":{"line":160,"column":12},"end":{"line":160,"column":42}},"63":{"start":{"line":162,"column":12},"end":{"line":162,"column":74}},"64":{"start":{"line":166,"column":8},"end":{"line":166,"column":20}}},"fnMap":{"0":{"name":"getProducts","decl":{"start":{"line":3,"column":15},"end":{"line":3,"column":26}},"loc":{"start":{"line":3,"column":43},"end":{"line":59,"column":1}},"line":3},"1":{"name":"getProductById","decl":{"start":{"line":61,"column":15},"end":{"line":61,"column":29}},"loc":{"start":{"line":61,"column":46},"end":{"line":76,"column":1}},"line":61},"2":{"name":"getProductByCategory","decl":{"start":{"line":78,"column":15},"end":{"line":78,"column":35}},"loc":{"start":{"line":78,"column":52},"end":{"line":91,"column":1}},"line":78},"3":{"name":"createProduct","decl":{"start":{"line":93,"column":15},"end":{"line":93,"column":28}},"loc":{"start":{"line":93,"column":45},"end":{"line":114,"column":1}},"line":93},"4":{"name":"updateProduct","decl":{"start":{"line":116,"column":15},"end":{"line":116,"column":28}},"loc":{"start":{"line":116,"column":45},"end":{"line":151,"column":1}},"line":116},"5":{"name":"deleteProduct","decl":{"start":{"line":153,"column":15},"end":{"line":153,"column":28}},"loc":{"start":{"line":153,"column":45},"end":{"line":168,"column":1}},"line":153}},"branchMap":{"0":{"loc":{"start":{"line":9,"column":8},"end":{"line":11,"column":9}},"type":"if","locations":[{"start":{"line":9,"column":8},"end":{"line":11,"column":9}},{"start":{},"end":{}}],"line":9},"1":{"loc":{"start":{"line":13,"column":8},"end":{"line":30,"column":9}},"type":"if","locations":[{"start":{"line":13,"column":8},"end":{"line":30,"column":9}},{"start":{},"end":{}}],"line":13},"2":{"loc":{"start":{"line":13,"column":12},"end":{"line":13,"column":27}},"type":"binary-expr","locations":[{"start":{"line":13,"column":12},"end":{"line":13,"column":17}},{"start":{"line":13,"column":21},"end":{"line":13,"column":27}}],"line":13},"3":{"loc":{"start":{"line":32,"column":24},"end":{"line":32,"column":43}},"type":"binary-expr","locations":[{"start":{"line":32,"column":24},"end":{"line":32,"column":38}},{"start":{"line":32,"column":42},"end":{"line":32,"column":43}}],"line":32},"4":{"loc":{"start":{"line":33,"column":25},"end":{"line":33,"column":46}},"type":"binary-expr","locations":[{"start":{"line":33,"column":25},"end":{"line":33,"column":40}},{"start":{"line":33,"column":44},"end":{"line":33,"column":46}}],"line":33},"5":{"loc":{"start":{"line":67,"column":8},"end":{"line":69,"column":9}},"type":"if","locations":[{"start":{"line":67,"column":8},"end":{"line":69,"column":9}},{"start":{},"end":{}}],"line":67},"6":{"loc":{"start":{"line":121,"column":8},"end":{"line":128,"column":9}},"type":"if","locations":[{"start":{"line":121,"column":8},"end":{"line":128,"column":9}},{"start":{},"end":{}}],"line":121},"7":{"loc":{"start":{"line":122,"column":12},"end":{"line":125,"column":40}},"type":"binary-expr","locations":[{"start":{"line":122,"column":12},"end":{"line":122,"column":17}},{"start":{"line":123,"column":12},"end":{"line":123,"column":31}},{"start":{"line":124,"column":12},"end":{"line":124,"column":31}},{"start":{"line":125,"column":12},"end":{"line":125,"column":21}},{"start":{"line":125,"column":25},"end":{"line":125,"column":40}}],"line":122},"8":{"loc":{"start":{"line":132,"column":8},"end":{"line":134,"column":9}},"type":"if","locations":[{"start":{"line":132,"column":8},"end":{"line":134,"column":9}},{"start":{},"end":{}}],"line":132},"9":{"loc":{"start":{"line":136,"column":8},"end":{"line":136,"column":52}},"type":"if","locations":[{"start":{"line":136,"column":8},"end":{"line":136,"column":52}},{"start":{},"end":{}}],"line":136},"10":{"loc":{"start":{"line":137,"column":8},"end":{"line":137,"column":55}},"type":"if","locations":[{"start":{"line":137,"column":8},"end":{"line":137,"column":55}},{"start":{},"end":{}}],"line":137},"11":{"loc":{"start":{"line":138,"column":8},"end":{"line":138,"column":55}},"type":"if","locations":[{"start":{"line":138,"column":8},"end":{"line":138,"column":55}},{"start":{},"end":{}}],"line":138},"12":{"loc":{"start":{"line":139,"column":8},"end":{"line":139,"column":64}},"type":"if","locations":[{"start":{"line":139,"column":8},"end":{"line":139,"column":64}},{"start":{},"end":{}}],"line":139},"13":{"loc":{"start":{"line":140,"column":8},"end":{"line":140,"column":82}},"type":"if","locations":[{"start":{"line":140,"column":8},"end":{"line":140,"column":82}},{"start":{},"end":{}}],"line":140},"14":{"loc":{"start":{"line":159,"column":8},"end":{"line":163,"column":9}},"type":"if","locations":[{"start":{"line":159,"column":8},"end":{"line":163,"column":9}},{"start":{"line":161,"column":15},"end":{"line":163,"column":9}}],"line":159}},"s":{"0":0,"1":0,"2":0,"3":0,"4":0,"5":0,"6":0,"7":0,"8":0,"9":0,"10":0,"11":0,"12":0,"13":0,"14":0,"15":0,"16":0,"17":0,"18":0,"19":0,"20":0,"21":0,"22":0,"23":0,"24":0,"25":0,"26":0,"27":0,"28":0,"29":0,"30":0,"31":0,"32":0,"33":0,"34":0,"35":0,"36":0,"37":0,"38":0,"39":0,"40":0,"41":0,"42":0,"43":0,"44":0,"45":0,"46":0,"47":0,"48":0,"49":0,"50":0,"51":0,"52":0,"53":0,"54":0,"55":0,"56":0,"57":0,"58":0,"59":0,"60":0,"61":0,"62":0,"63":0,"64":0},"f":{"0":0,"1":0,"2":0,"3":0,"4":0,"5":0},"b":{"0":[0,0],"1":[0,0],"2":[0,0],"3":[0,0],"4":[0,0],"5":[0,0],"6":[0,0],"7":[0,0,0,0,0],"8":[0,0],"9":[0,0],"10":[0,0],"11":[0,0],"12":[0,0],"13":[0,0],"14":[0,0]},"inputSourceMap":null,"_coverageSchema":"1a1c01bbd47fc00a2c39e90264f33305004495a9","hash":"699d4db5ab18a0e5d1a63839a7c07c1fc1551c3c"}
,"C:\\Users\\Usuario\\Documents\\GitHub\\Cafecito-Feliz\\cafecito-api\\src\\controllers\\userController.js": {"path":"C:\\Users\\Usuario\\Documents\\GitHub\\Cafecito-Feliz\\cafecito-api\\src\\controllers\\userController.js","statementMap":{"0":{"start":{"line":5,"column":23},"end":{"line":23,"column":1}},"1":{"start":{"line":6,"column":4},"end":{"line":22,"column":5}},"2":{"start":{"line":7,"column":23},"end":{"line":7,"column":38}},"3":{"start":{"line":9,"column":21},"end":{"line":9,"column":72}},"4":{"start":{"line":11,"column":8},"end":{"line":13,"column":9}},"5":{"start":{"line":12,"column":12},"end":{"line":12,"column":71}},"6":{"start":{"line":15,"column":8},"end":{"line":18,"column":11}},"7":{"start":{"line":21,"column":8},"end":{"line":21,"column":20}},"8":{"start":{"line":27,"column":4},"end":{"line":59,"column":5}},"9":{"start":{"line":28,"column":69},"end":{"line":28,"column":78}},"10":{"start":{"line":30,"column":23},"end":{"line":30,"column":25}},"11":{"start":{"line":31,"column":8},"end":{"line":31,"column":55}},"12":{"start":{"line":31,"column":24},"end":{"line":31,"column":55}},"13":{"start":{"line":32,"column":8},"end":{"line":32,"column":37}},"14":{"start":{"line":32,"column":18},"end":{"line":32,"column":37}},"15":{"start":{"line":33,"column":8},"end":{"line":33,"column":74}},"16":{"start":{"line":33,"column":36},"end":{"line":33,"column":74}},"17":{"start":{"line":35,"column":24},"end":{"line":35,"column":47}},"18":{"start":{"line":36,"column":25},"end":{"line":36,"column":50}},"19":{"start":{"line":38,"column":22},"end":{"line":42,"column":30}},"20":{"start":{"line":44,"column":22},"end":{"line":44,"column":55}},"21":{"start":{"line":46,"column":8},"end":{"line":55,"column":11}},"22":{"start":{"line":58,"column":8},"end":{"line":58,"column":20}},"23":{"start":{"line":64,"column":4},"end":{"line":79,"column":5}},"24":{"start":{"line":65,"column":27},"end":{"line":65,"column":37}},"25":{"start":{"line":66,"column":21},"end":{"line":66,"column":72}},"26":{"start":{"line":68,"column":8},"end":{"line":70,"column":9}},"27":{"start":{"line":69,"column":12},"end":{"line":69,"column":72}},"28":{"start":{"line":72,"column":8},"end":{"line":75,"column":11}},"29":{"start":{"line":78,"column":8},"end":{"line":78,"column":20}},"30":{"start":{"line":84,"column":4},"end":{"line":120,"column":5}},"31":{"start":{"line":85,"column":27},"end":{"line":85,"column":37}},"32":{"start":{"line":86,"column":56},"end":{"line":86,"column":64}},"33":{"start":{"line":88,"column":8},"end":{"line":96,"column":9}},"34":{"start":{"line":93,"column":12},"end":{"line":95,"column":15}},"35":{"start":{"line":98,"column":21},"end":{"line":98,"column":48}},"36":{"start":{"line":100,"column":8},"end":{"line":102,"column":9}},"37":{"start":{"line":101,"column":12},"end":{"line":101,"column":71}},"38":{"start":{"line":104,"column":8},"end":{"line":104,"column":56}},"39":{"start":{"line":104,"column":25},"end":{"line":104,"column":56}},"40":{"start":{"line":105,"column":8},"end":{"line":105,"column":35}},"41":{"start":{"line":105,"column":18},"end":{"line":105,"column":35}},"42":{"start":{"line":106,"column":8},"end":{"line":106,"column":55}},"43":{"start":{"line":106,"column":34},"end":{"line":106,"column":55}},"44":{"start":{"line":107,"column":8},"end":{"line":107,"column":61}},"45":{"start":{"line":107,"column":36},"end":{"line":107,"column":61}},"46":{"start":{"line":109,"column":8},"end":{"line":109,"column":26}},"47":{"start":{"line":111,"column":28},"end":{"line":111,"column":79}},"48":{"start":{"line":113,"column":8},"end":{"line":116,"column":11}},"49":{"start":{"line":119,"column":8},"end":{"line":119,"column":20}},"50":{"start":{"line":125,"column":4},"end":{"line":145,"column":5}},"51":{"start":{"line":126,"column":27},"end":{"line":126,"column":37}},"52":{"start":{"line":128,"column":21},"end":{"line":128,"column":48}},"53":{"start":{"line":130,"column":8},"end":{"line":132,"column":9}},"54":{"start":{"line":131,"column":12},"end":{"line":131,"column":71}},"55":{"start":{"line":134,"column":8},"end":{"line":134,"column":39}},"56":{"start":{"line":135,"column":8},"end":{"line":135,"column":26}},"57":{"start":{"line":
[...]
7,"column":11},"end":{"line":69,"column":30}},"type":"cond-expr","locations":[{"start":{"line":68,"column":10},"end":{"line":68,"column":70}},{"start":{"line":69,"column":10},"end":{"line":69,"column":30}}],"line":67},"8":{"loc":{"start":{"line":80,"column":30},"end":{"line":80,"column":43}},"type":"default-arg","locations":[{"start":{"line":80,"column":38},"end":{"line":80,"column":43}}],"line":80},"9":{"loc":{"start":{"line":84,"column":52},"end":{"line":84,"column":68}},"type":"default-arg","locations":[{"start":{"line":84,"column":63},"end":{"line":84,"column":68}}],"line":84},"10":{"loc":{"start":{"line":87,"column":11},"end":{"line":87,"column":119}},"type":"cond-expr","locations":[{"start":{"line":87,"column":22},"end":{"line":87,"column":60}},{"start":{"line":87,"column":63},"end":{"line":87,"column":119}}],"line":87},"11":{"loc":{"start":{"line":91,"column":34},"end":{"line":91,"column":46}},"type":"default-arg","locations":[{"start":{"line":91,"column":42},"end":{"line":91,"column":46}}],"line":91},"12":{"loc":{"start":{"line":91,"column":48},"end":{"line":91,"column":66}},"type":"default-arg","locations":[{"start":{"line":91,"column":62},"end":{"line":91,"column":66}}],"line":91},"13":{"loc":{"start":{"line":92,"column":18},"end":{"line":92,"column":38}},"type":"binary-expr","locations":[{"start":{"line":92,"column":18},"end":{"line":92,"column":29}},{"start":{"line":92,"column":33},"end":{"line":92,"column":38}}],"line":92},"14":{"loc":{"start":{"line":112,"column":36},"end":{"line":112,"column":54}},"type":"default-arg","locations":[{"start":{"line":112,"column":52},"end":{"line":112,"column":54}}],"line":112},"15":{"loc":{"start":{"line":137,"column":32},"end":{"line":137,"column":48}},"type":"default-arg","locations":[{"start":{"line":137,"column":43},"end":{"line":137,"column":48}}],"line":137},"16":{"loc":{"start":{"line":144,"column":11},"end":{"line":144,"column":98}},"type":"cond-expr","locations":[{"start":{"line":144,"column":22},"end":{"line":144,"column":42}},{"start":{"line":144,"column":45},"end":{"line":144,"column":98}}],"line":144},"17":{"loc":{"start":{"line":156,"column":35},"end":{"line":156,"column":53}},"type":"default-arg","locations":[{"start":{"line":156,"column":43},"end":{"line":156,"column":53}}],"line":156},"18":{"loc":{"start":{"line":156,"column":55},"end":{"line":156,"column":71}},"type":"default-arg","locations":[{"start":{"line":156,"column":66},"end":{"line":156,"column":71}}],"line":156},"19":{"loc":{"start":{"line":159,"column":11},"end":{"line":159,"column":101}},"type":"cond-expr","locations":[{"start":{"line":159,"column":22},"end":{"line":159,"column":42}},{"start":{"line":159,"column":45},"end":{"line":159,"column":101}}],"line":159},"20":{"loc":{"start":{"line":162,"column":32},"end":{"line":162,"column":47}},"type":"default-arg","locations":[{"start":{"line":162,"column":40},"end":{"line":162,"column":47}}],"line":162},"21":{"loc":{"start":{"line":165,"column":40},"end":{"line":165,"column":55}},"type":"default-arg","locations":[{"start":{"line":165,"column":48},"end":{"line":165,"column":55}}],"line":165},"22":{"loc":{"start":{"line":171,"column":38},"end":{"line":171,"column":54}},"type":"default-arg","locations":[{"start":{"line":171,"column":49},"end":{"line":171,"column":54}}],"line":171},"23":{"loc":{"start":{"line":178,"column":11},"end":{"line":178,"column":99}},"type":"cond-expr","locations":[{"start":{"line":178,"column":22},"end":{"line":178,"column":42}},{"start":{"line":178,"column":45},"end":{"line":178,"column":99}}],"line":178},"24":{"loc":{"start":{"line":181,"column":38},"end":{"line":181,"column":53}},"type":"default-arg","locations":[{"start":{"line":181,"column":49},"end":{"line":181,"column":53}}],"line":181},"25":{"loc":{"start":{"line":187,"column":11},"end":{"line":187,"column":97}},"type":"cond-expr","locations":[{"start":{"line":187,"column":22},"end":{"line":187,"column":74}},{"start":{"line":187,"column":77},"end":{"line":187,"column":97}}],"line":187},"26":{"loc":{"start":{"line":191,"column":32},"end":{"line":191,"column":47}},"type":"default-arg","locations":[{"start":{"line":191,"column":40},"end":{"line":191,"column":47}}],"line":191},"27":{"loc":{"start":{"line":198,"column":35},"end":{"line":198,"column":53}},"type":"default-arg","locations":[{"start":{"line":198,"column":43},"end":{"line":198,"column":53}}],"line":198},"28":{"loc":{"start":{"line":198,"column":55},"end":{"line":198,"column":70}},"type":"default-arg","locations":[{"start":{"line":198,"column":66},"end":{"line":198,"column":70}}],"line":198},"29":{"loc":{"start":{"line":202,"column":12},"end":{"line":204,"column":13}},"type":"if","locations":[{"start":{"line":202,"column":12},"end":{"line":204,"column":13}},{"start":{},"end":{}}],"line":202},"30":{"loc":{"start":{"line":202,"column":16},"end":{"line":202,"column":80}},"type":"binary-expr","locations":[{"start":{"line":202,"column":16},"end":{"line":202,"column":22}},{"start":{"line":202,"column":26},"end":{"line":202,"column":51}},{"start":{"line":202,"column":55},"end":{"line":202,"column":80}}],"line":202},"31":{"loc":{"start":{"line":208,"column":12},"end":{"line":210,"column":13}},"type":"if","locations":[{"start":{"line":208,"column":12},"end":{"line":210,"column":13}},{"start":{},"end":{}}],"line":208},"32":{"loc":{"start":{"line":208,"column":16},"end":{"line":208,"column":41}},"type":"binary-expr","locations":[{"start":{"line":208,"column":16},"end":{"line":208,"column":27}},{"start":{"line":208,"column":31},"end":{"line":208,"column":41}}],"line":208},"33":{"loc":{"start":{"line":214,"column":11},"end":{"line":214,"column":115}},"type":"cond-expr","locations":[{"start":{"line":214,"column":22},"end":{"line":214,"column":92}},{"start":{"line":214,"column":95},"end":{"line":214,"column":115}}],"line":214},"34":{"loc":{"start":{"line":218,"column":38},"end":{"line":218,"column":52}},"type":"default-arg","locations":[{"start":{"line":218,"column":46},"end":{"line":218,"column":52}}],"line":218},"35":{"loc":{"start":{"line":218,"column":54},"end":{"line":218,"column":69}},"type":"default-arg","locations":[{"start":{"line":218,"column":65},"end":{"line":218,"column":69}}],"line":218},"36":{"loc":{"start":{"line":218,"column":71},"end":{"line":218,"column":86}},"type":"default-arg","locations":[{"start":{"line":218,"column":83},"end":{"line":218,"column":86}}],"line":218},"37":{"loc":{"start":{"line":224,"column":11},"end":{"line":224,"column":101}},"type":"cond-expr","locations":[{"start":{"line":224,"column":22},"end":{"line":224,"column":78}},{"start":{"line":224,"column":81},"end":{"line":224,"column":101}}],"line":224}},"s":{"0":7,"1":35,"2":35,"3":7,"4":0,"5":7,"6":0,"7":0,"8":7,"9":7,"10":7,"11":21,"12":7,"13":7,"14":7,"15":7,"16":28,"17":28,"18":7,"19":21,"20":7,"21":35,"22":7,"23":49,"24":49,"25":7,"26":98,"27":98,"28":7,"29":0,"30":7,"31":14,"32":7,"33":14,"34":7,"35":0,"36":7,"37":0,"38":7,"39":7,"40":7,"41":7,"42":7,"43":14,"44":14,"45":7,"46":7,"47":7,"48":14,"49":14,"50":7,"51":7,"52":7,"53":7,"54":7,"55":7,"56":7,"57":7,"58":14,"59":14,"60":7,"61":14,"62":7,"63":14,"64":0,"65":0,"66":0,"67":0,"68":0,"69":0,"70":0,"71":14,"72":7,"73":14,"74":14,"75":7,"76":7,"77":7,"78":7,"79":7,"80":7},"f":{"0":35,"1":0,"2":0,"3":7,"4":21,"5":7,"6":28,"7":21,"8":35,"9":49,"10":98,"11":0,"12":14,"13":14,"14":0,"15":0,"16":7,"17":7,"18":14,"19":7,"20":14,"21":7,"22":7,"23":7,"24":14,"25":14,"26":14,"27":0,"28":14,"29":7,"30":7,"31":7},"b":{"0":[28],"1":[7,28],"2":[0],"3":[0,0],"4":[7],"5":[0,7],"6":[0],"7":[14,14],"8":[0],"9":[21],"10":[28,21],"11":[0],"12":[0],"13":[98,0],"14":[0],"15":[14],"16":[0,14],"17":[0],"18":[14],"19":[0,14],"20":[0],"21":[0],"22":[7],"23":[0,7],"24":[0],"25":[7,7],"26":[0],"27":[0],"28":[0],"29":[0,0],"30":[0,0,0],"31":[0,0],"32":[0,0],"33":[7,7],"34":[0],"35":[0],"36":[0],"37":[7,7]},"inputSourceMap":null,"_coverageSchema":"1a1c01bbd47fc00a2c39e90264f33305004495a9","hash":"1dea0c9d058186541928b2251a77f4ca06ca3322"}
,"C:\\Users\\Usuario\\Documents\\GitHub\\Cafecito-Feliz\\cafecito-api\\src\\models\\cashSession.js": {"path":"C:\\Users\\Usuario\\Documents\\GitHub\\Cafecito-Feliz\\cafecito-api\\src\\models\\cashSession.js","statementMap":{"0":{"start":{"line":3,"column":26},"end":{"line":47,"column":2}},"1":{"start":{"line":49,"column":20},"end":{"line":49,"column":68}}},"fnMap":{},"branchMap":{},"s":{"0":7,"1":7},"f":{},"b":{},"inputSourceMap":null,"_coverageSchema":"1a1c01bbd47fc00a2c39e90264f33305004495a9","hash":"bda22d17459aca860af8cf338f5852927097cd52"}
,"C:\\Users\\Usuario\\Documents\\GitHub\\Cafecito-Feliz\\cafecito-api\\src\\models\\category.js": {"path":"C:\\Users\\Usuario\\Documents\\GitHub\\Cafecito-Feliz\\cafecito-api\\src\\models\\category.js","statementMap":{"0":{"start":{"line":3,"column":23},"end":{"line":23,"column":2}},"1":{"start":{"line":25,"column":17},"end":{"line":25,"column":59}}},"fnMap":{},"branchMap":{},"s":{"0":7,"1":7},"f":{},"b":{},"inputSourceMap":null,"_coverageSchema":"1a1c01bbd47fc00a2c39e90264f33305004495a9","hash":"326c4ae853b34e7fb7e07c0fde2e1619dc387187"}
,"C:\\Users\\Usuario\\Documents\\GitHub\\Cafecito-Feliz\\cafecito-api\\src\\models\\client.js": {"path":"C:\\Users\\Usuario\\Documents\\GitHub\\Cafecito-Feliz\\cafecito-api\\src\\models\\client.js","statementMap":{"0":{"start":{"line":3,"column":21},"end":{"line":28,"column":2}},"1":{"start":{"line":30,"column":15},"end":{"line":30,"column":53}}},"fnMap":{},"branchMap":{},"s":{"0":7,"1":7},"f":{},"b":{},"inputSourceMap":null,"_coverageSchema":"1a1c01bbd47fc00a2c39e90264f33305004495a9","hash":"9f5851848340fae89dd3b08f6c6a47888940aa39"}
,"C:\\Users\\Usuario\\Documents\\GitHub\\Cafecito-Feliz\\cafecito-api\\src\\models\\order.js": {"path":"C:\\Users\\Usuario\\Documents\\GitHub\\Cafecito-Feliz\\cafecito-api\\src\\models\\order.js","statementMap":{"0":{"start":{"line":3,"column":20},"end":{"line":79,"column":2}},"1":{"start":{"line":81,"column":14},"end":{"line":81,"column":50}}},"fnMap":{},"branchMap":{},"s":{"0":7,"1":7},"f":{},"b":{},"inputSourceMap":null,"_coverageSchema":"1a1c01bbd47fc00a2c39e90264f33305004495a9","hash":"ac626cb21155282978017e014184b484ba0c2a5d"}
,"C:\\Users\\Usuario\\Documents\\GitHub\\Cafecito-Feliz\\cafecito-api\\src\\models\\product.js": {"path":"C:\\Users\\Usuario\\Documents\\GitHub\\Cafecito-Feliz\\cafecito-api\\src\\models\\product.js","statementMap":{"0":{"start":{"line":3,"column":22},"end":{"line":32,"column":2}},"1":{"start":{"line":34,"column":16},"end":{"line":34,"column":56}}},"fnMap":{},"branchMap":{},"s":{"0":7,"1":7},"f":{},"b":{},"inputSourceMap":null,"_coverageSchema":"1a1c01bbd47fc00a2c39e90264f33305004495a9","hash":"c72fb9f4167a536a510357cad87f038e73faa6aa"}
,"C:\\Users\\Usuario\\Documents\\GitHub\\Cafecito-Feliz\\cafecito-api\\src\\models\\user.js": {"path":"C:\\Users\\Usuario\\Documents\\GitHub\\Cafecito-Feliz\\cafecito-api\\src\\models\\user.js","statementMap":{"0":{"start":{"line":3,"column":19},"end":{"line":37,"column":2}},"1":{"start":{"line":39,"column":13},"end":{"line":39,"column":47}}},"fnMap":{},"branchMap":{},"s":{"0":7,"1":7},"f":{},"b":{},"inputSourceMap":null,"_coverageSchema":"1a1c01bbd47fc00a2c39e90264f33305004495a9","hash":"50e1c4820c4597b852b63ab117fd3cb890fcbeaa"}
,"C:\\Users\\Usuario\\Documents\\GitHub\\Cafecito-Feliz\\cafecito-api\\src\\routes\\authRoutes.js": {"path":"C:\\Users\\Usuario\\Documents\\GitHub\\Cafecito-Feliz\\cafecito-api\\src\\routes\\authRoutes.js","statementMap":{"0":{"start":{"line":20,"column":15},"end":{"line":20,"column":31}},"1":{"start":{"line":22,"column":0},"end":{"line":27,"column":23}},"2":{"start":{"line":29,"column":0},"end":{"line":32,"column":20}},"3":{"start":{"line":34,"column":0},"end":{"line":34,"column":38}},"4":{"start":{"line":36,"column":0},"end":{"line":36,"column":31}},"5":{"start":{"line":38,"column":0},"end":{"line":41,"column":24}},"6":{"start":{"line":43,"column":0},"end":{"line":43,"column":49}}},"fnMap":{},"branchMap":{},"s":{"0":7,"1":7,"2":7,"3":7,"4":7,"5":7,"6":7},"f":{},"b":{},"inputSourceMap":null,"_coverageSchema":"1a1c01bbd47fc00a2c39e90264f33305004495a9","hash":"fb238131d4e5092bbd83f1cf267b0e4f3aba1c92"}
,"C:\\Users\\Usuario\\Documents\\GitHub\\Cafecito-Feliz\\cafecito-api\\src\\routes\\cashRoutes.js": {"path":"C:\\Users\\Usuario\\Documents\\GitHub\\Cafecito-Feliz\\cafecito-api\\src\\routes\\cashRoutes.js","statementMap":{"0":{"start":{"line":15,"column":15},"end":{"line":15,"column":31}},"1":{"start":{"line":17,"column":0},"end":{"line":19,"column":28}},"2":{"start":{"line":21,"column":0},"end":{"line":23,"column":30}},"3":{"start":{"line":25,"column":0},"end":{"line":27,"column":31}}},"fnMap":{},"branchMap":{},"s":{"0":7,"1":7,"2":7,"3":7},"f":{},"b":{},"inputSourceMap":null,"_coverageSchema":"1a1c01bbd47fc00a2c39e90264f33305004495a9","hash":"06fc0fc567f59db2ef5e1ea0d2ed8b1f14e458bb"}
,"C:\\Users\\Usuario\\Documents\\GitHub\\Cafecito-Feliz\\cafecito-api\\src\\routes\\categoryRoutes.js": {"path":"C:\\Users\\Usuario\\Documents\\GitHub\\Cafecito-Feliz\\cafecito-api\\src\\routes\\categoryRoutes.js","statementMap":{"0":{"start":{"line":20,"column":15},"end":{"line":20,"column":31}},"1":{"start":{"line":22,"column":0},"end":{"line":22,"column":51}},"2":{"start":{"line":24,"column":0},"end":{"line":24,"column":41}},"3":{"start":{"line":26,"column":0},"end":{"line":28,"column":30}},"4":{"start":{"line":30,"column":0},"end":{"line":34,"column":29}},"5":{"start":{"line":36,"column":0},"end":{"line":41,"column":29}},"6":{"start":{"line":43,"column":0},"end":{"line":45,"column":29}}},"fnMap":{},"branchMap":{},"s":{"0":7,"1":7,"2":7,"3":7,"4":7,"5":7,"6":7},"f":{},"b":{},"inputSourceMap":null,"_coverageSchema":"1a1c01bbd47fc00a2c39e90264f33305004495a9","hash":"e6ccecf57577866f7a0b31ea5756ade72ee19685"}
,"C:\\Users\\Usuario\\Documents\\GitHub\\Cafecito-Feliz\\cafecito-api\\src\\routes\\clientRoutes.js": {"path":"C:\\Users\\Usuario\\Documents\\GitHub\\Cafecito-Feliz\\cafecito-api\\src\\routes\\clientRoutes.js","statementMap":{"0":{"start":{"line":21,"column":15},"end":{"line":21,"column":31}},"1":{"start":{"line":23,"column":0},"end":{"line":23,"column":83}},"2":{"start":{"line":25,"column":0},"end":{"line":27,"column":25}},"3":{"start":{"line":29,"column":0},"end":{"line":32,"column":27}},"4":{"start":{"line":34,"column":0},"end":{"line":38,"column":27}},"5":{"start":{"line":40,"column":0},"end":{"line":40,"column":60}}},"fnMap":{},"branchMap":{},"s":{"0":7,"1":7,"2":7,"3":7,"4":7,"5":7},"f":{},"b":{},"inputSourceMap":null,"_coverageSchema":"1a1c01bbd47fc00a2c39e90264f33305004495a9","hash":"1f6ed2fc122aec4cd8e0a2b9f51eda5322d3c69e"}
,"C:\\Users\\Usuario\\Documents\\GitHub\\Cafecito-Feliz\\cafecito-api\\src\\routes\\index.js": {"path":"C:\\Users\\Usuario\\Documents\\GitHub\\Cafecito-Feliz\\cafecito-api\\src\\routes\\index.js","statementMap":{"0":{"start":{"line":10,"column":15},"end":{"line":10,"column":31}},"1":{"start":{"line":12,"column":0},"end":{"line":12,"column":32}},"2":{"start":{"line":13,"column":0},"end":{"line":13,"column":23}},"3":{"start":{"line":14,"column":0},"end":{"line":14,"column":27}},"4":{"start":{"line":15,"column":0},"end":{"line":15,"column":26}},"5":{"start":{"line":16,"column":0},"end":{"line":16,"column":25}},"6":{"start":{"line":17,"column":0},"end":{"line":17,"column":24}},"7":{"start":{"line":18,"column":0},"end":{"line":18,"column":23}}},"fnMap":{},"branchMap":{},"s":{"0":7,"1":7,"2":7,"3":7,"4":7,"5":7,"6":7,"7":7},"f":{},"b":{},"inputSourceMap":null,"_coverageSchema":"1a1c01bbd47fc00a2c39e90264f33305004495a9","hash":"8e3c3f52f788b6180e506b312893aef43eda7cb3"}
,"C:\\Users\\Usuario\\Documents\\GitHub\\Cafecito-Feliz\\cafecito-api\\src\\routes\\orderRoutes.js": {"path":"C:\\Users\\Usuario\\Documents\\GitHub\\Cafecito-Feliz\\cafecito-api\\src\\routes\\orderRoutes.js","statementMap":{"0":{"start":{"line":21,"column":15},"end":{"line":21,"column":31}},"1":{"start":{"line":23,"column":0},"end":{"line":23,"column":49}},"2":{"start":{"line":25,"column":0},"end":{"line":27,"column":27}},"3":{"start":{"line":29,"column":0},"end":{"line":31,"column":32}},"4":{"start":{"line":33,"column":0},"end":{"line":51,"column":26}},"5":{"start":{"line":53,"column":0},"end":{"line":60,"column":26}},"6":{"start":{"line":62,"column":0},"end":{"line":65,"column":32}}},"fnMap":{},"branchMap":{},"s":{"0":7,"1":7,"2":7,"3":7,"4":7,"5":7,"6":7},"f":{},"b":{},"inputSourceMap":null,"_coverageSchema":"1a1c01bbd47fc00a2c39e90264f33305004495a9","hash":"ebc08230bb9fdf5da2c2a6a8e0b83915e3fd93db"}
,"C:\\Users\\Usuario\\Documents\\GitHub\\Cafecito-Feliz\\cafecito-api\\src\\routes\\productRoutes.js": {"path":"C:\\Users\\Usuario\\Documents\\GitHub\\Cafecito-Feliz\\cafecito-api\\src\\routes\\productRoutes.js","statementMap":{"0":{"start":{"line":24,"column":15},"end":{"line":24,"column":31}},"1":{"start":{"line":26,"column":0},"end":{"line":28,"column":26}},"2":{"start":{"line":30,"column":0},"end":{"line":32,"column":29}},"3":{"start":{"line":34,"column":0},"end":{"line":36,"column":35}},"4":{"start":{"line":38,"column":0},"end":{"line":44,"column":28}},"5":{"start":{"line":46,"column":0},"end":{"line":53,"column":28}},"6":{"start":{"line":55,"column":0},"end":{"line":57,"column":28}}},"fnMap":{},"branchMap":{},"s":{"0":7,"1":7,"2":7,"3":7,"4":7,"5":7,"6":7},"f":{},"b":{},"inputSourceMap":null,"_coverageSchema":"1a1c01bbd47fc00a2c39e90264f33305004495a9","hash":"26e1cd8dbe0c74eb8b0121b76110c43364249261"}
,"C:\\Users\\Usuario\\Documents\\GitHub\\Cafecito-Feliz\\cafecito-api\\src\\routes\\userRoutes.js": {"path":"C:\\Users\\Usuario\\Documents\\GitHub\\Cafecito-Feliz\\cafecito-api\\src\\routes\\userRoutes.js","statementMap":{"0":{"start":{"line":31,"column":15},"end":{"line":31,"column":31}},"1":{"start":{"line":34,"column":27},"end":{"line":38,"column":1}},"2":{"start":{"line":40,"column":0},"end":{"line":40,"column":61}},"3":{"start":{"line":42,"column":0},"end":{"line":46,"column":23}},"4":{"start":{"line":48,"column":0},"end":{"line":50,"column":26}},"5":{"start":{"line":52,"column":0},"end":{"line":59,"column":25}},"6":{"start":{"line":61,"column":0},"end":{"line":66,"column":25}},"7":{"start":{"line":68,"column":0},"end":{"line":70,"column":31}}},"fnMap":{},"branchMap":{},"s":{"0":7,"1":7,"2":7,"3":7,"4":7,"5":7,"6":7,"7":7},"f":{},"b":{},"inputSourceMap":null,"_coverageSchema":"1a1c01bbd47fc00a2c39e90264f33305004495a9","hash":"4c7749f94f1c2243bae8a1bbfb2e9cf09175c69a"}
,"C:\\Users\\Usuario\\Documents\\GitHub\\Cafecito-Feliz\\cafecito-api\\src\\utils\\orderHelper.js": {"path":"C:\\Users\\Usuario\\Documents\\GitHub\\Cafecito-Feliz\\cafecito-api\\src\\utils\\orderHelper.js","statementMap":{"0":{"start":{"line":7,"column":24},"end":{"line":7,"column":28}},"1":{"start":{"line":16,"column":21},"end":{"line":19,"column":5}},"2":{"start":{"line":17,"column":23},"end":{"line":17,"column":57}},"3":{"start":{"line":21,"column":27},"end":{"line":21,"column":77}},"4":{"start":{"line":23,"column":26},"end":{"line":23,"column":51}},"5":{"start":{"line":24,"column":16},"end":{"line":24,"column":61}},"6":{"start":{"line":25,"column":18},"end":{"line":25,"column":58}},"7":{"start":{"line":27,"column":4},"end":{"line":32,"column":6}}},"fnMap":{"0":{"name":"calculateOrderFinancials","decl":{"start":{"line":15,"column":16},"end":{"line":15,"column":40}},"loc":{"start":{"line":15,"column":75},"end":{"line":33,"column":1}},"line":15},"1":{"name":"(anonymous_1)","decl":{"start":{"line":17,"column":8},"end":{"line":17,"column":9}},"loc":{"start":{"line":17,"column":23},"end":{"line":17,"column":57}},"line":17}},"branchMap":{"0":{"loc":{"start":{"line":15,"column":51},"end":{"line":15,"column":73}},"type":"default-arg","locations":[{"start":{"line":15,"column":72},"end":{"line":15,"column":73}}],"line":15}},"s":{"0":7,"1":0,"2":0,"3":0,"4":0,"5":0,"6":0,"7":0},"f":{"0":0,"1":0},"b":{"0":[0]},"inputSourceMap":null,"_coverageSchema":"1a1c01bbd47fc00a2c39e90264f33305004495a9","hash":"182bd32c6c5f4ddd315bb1f51d2c52f734be3ced"}
}
