TN:
SF:server.js
FN:25,(anonymous_0)
FN:41,(anonymous_1)
FN:54,(anonymous_2)
FN:66,(anonymous_3)
FNF:4
FNH:0
FNDA:0,(anonymous_0)
FNDA:0,(anonymous_1)
FNDA:0,(anonymous_2)
FNDA:0,(anonymous_3)
DA:10,7
DA:12,7
DA:14,7
DA:16,7
DA:18,7
DA:22,7
DA:25,7
DA:26,0
DA:32,0
DA:33,0
DA:35,0
DA:36,0
DA:41,7
DA:42,0
DA:52,7
DA:54,7
DA:55,0
DA:62,7
DA:64,7
DA:65,0
DA:66,0
DA:67,0
LF:22
LH:12
BRDA:30,0,0,0
BRDA:30,0,1,0
BRDA:64,1,0,0
BRDA:64,1,1,7
BRDA:65,2,0,0
BRDA:65,2,1,0
BRF:6
BRH:1
end_of_record
TN:
SF:src\config\database.js
FN:7,(anonymous_0)
FNF:1
FNH:1
FNDA:7,(anonymous_0)
DA:4,7
DA:7,7
DA:8,7
DA:9,7
DA:11,0
DA:12,0
DA:13,0
DA:15,0
DA:21,0
DA:24,0
DA:25,0
LF:11
LH:4
BRDA:8,0,0,7
BRDA:8,0,1,0
BRF:2
BRH:1
end_of_record
TN:
SF:src\controllers\authController.js
FN:5,(anonymous_0)
FN:12,(anonymous_1)
FN:19,(anonymous_2)
FN:24,(anonymous_3)
FN:29,register
FN:58,login
FN:105,refreshToken
FN:117,(anonymous_7)
FN:118,(anonymous_8)
FN:141,logout
FN:145,verifyPin
FN:168,checkRole
FNF:12
FNH:0
FNDA:0,(anonymous_0)
FNDA:0,(anonymous_1)
FNDA:0,(anonymous_2)
FNDA:0,(anonymous_3)
FNDA:0,register
FNDA:0,login
FNDA:0,refreshToken
FNDA:0,(anonymous_7)
FNDA:0,(anonymous_8)
FNDA:0,logout
FNDA:0,verifyPin
FNDA:0,checkRole
DA:5,7
DA:6,0
DA:12,7
DA:13,0
DA:19,7
DA:20,0
DA:21,0
DA:24,7
DA:25,0
DA:26,0
DA:30,0
DA:31,0
DA:33,0
DA:35,0
DA:36,0
DA:39,0
DA:41,0
DA:49,0
DA:51,0
DA:54,0
DA:59,0
DA:60,0
DA:62,0
DA:64,0
DA:65,0
DA:68,0
DA:70,0
DA:71,0
DA:74,0
DA:81,0
DA:88,0
DA:101,0
DA:106,0
DA:107,0
DA:109,0
DA:110,0
DA:113,0
DA:114,0
DA:117,0
DA:118,0
DA:119,0
DA:120,0
DA:124,0
DA:131,0
DA:133,0
DA:134,0
DA:137,0
DA:142,0
DA:146,0
DA:147,0
DA:149,0
DA:151,0
DA:152,0
DA:155,0
DA:157,0
DA:158,0
DA:161,0
DA:164,0
DA:169,0
DA:170,0
DA:171,0
DA:173,0
DA:174,0
DA:177,0
DA:179,0
LF:65
LH:4
BRDA:35,0,0,0
BRDA:35,0,1,0
BRDA:64,1,0,0
BRDA:64,1,1,0
BRDA:70,2,0,0
BRDA:70,2,1,0
BRDA:109,3,0,0
BRDA:109,3,1,0
BRDA:113,4,0,0
BRDA:113,4,1,0
BRDA:113,5,0,0
BRDA:113,5,1,0
BRDA:119,6,0,0
BRDA:119,6,1,0
BRDA:133,7,0,0
BRDA:133,7,1,0
BRDA:133,8,0,0
BRDA:133,8,1,0
BRDA:151,9,0,0
BRDA:151,9,1,0
BRDA:151,10,0,0
BRDA:151,10,1,0
BRDA:157,11,0,0
BRDA:157,11,1,0
BRDA:173,12,0,0
BRDA:173,12,1,0
BRF:26
BRH:0
end_of_record
TN:
SF:src\controllers\cashSessionController.js
FN:4,getTurnoTotal
FN:25,(anonymous_1)
FN:37,openCashSession
FN:75,closeCashSession
FN:100,(anonymous_4)
FNF:5
FNH:0
FNDA:0,getTurnoTotal
FNDA:0,(anonymous_1)
FNDA:0,openCashSession
FNDA:0,closeCashSession
FNDA:0,(anonymous_4)
DA:5,0
DA:6,0
DA:7,0
DA:9,0
DA:10,0
DA:13,0
DA:14,0
DA:17,0
DA:19,0
DA:25,0
DA:27,0
DA:33,0
DA:38,0
DA:40,0
DA:41,0
DA:43,0
DA:44,0
DA:46,0
DA:47,0
DA:50,0
DA:51,0
DA:54,0
DA:55,0
DA:58,0
DA:65,0
DA:70,0
DA:71,0
DA:76,0
DA:77,0
DA:78,0
DA:80,0
DA:81,0
DA:84,0
DA:85,0
DA:88,0
DA:90,0
DA:91,0
DA:94,0
DA:100,0
DA:101,0
DA:103,0
DA:118,0
DA:124,0
LF:43
LH:0
BRDA:9,0,0,0
BRDA:9,0,1,0
BRDA:13,1,0,0
BRDA:13,1,1,0
BRDA:25,2,0,0
BRDA:25,2,1,0
BRDA:46,3,0,0
BRDA:46,3,1,0
BRDA:50,4,0,0
BRDA:50,4,1,0
BRDA:54,5,0,0
BRDA:54,5,1,0
BRDA:54,6,0,0
BRDA:54,6,1,0
BRDA:61,7,0,0
BRDA:61,7,1,0
BRDA:80,8,0,0
BRDA:80,8,1,0
BRDA:84,9,0,0
BRDA:84,9,1,0
BRDA:90,10,0,0
BRDA:90,10,1,0
BRDA:100,11,0,0
BRDA:100,11,1,0
BRDA:107,12,0,0
BRDA:107,12,1,0
BRDA:112,13,0,0
BRDA:112,13,1,0
BRDA:112,14,0,0
BRDA:112,14,1,0
BRF:30
BRH:0
end_of_record
TN:
SF:src\controllers\categoryController.js
FN:3,getCategories
FN:44,getCategoryById
FN:59,createCategory
FN:77,updateCategory
FN:114,deleteCategory
FN:131,searchCategories
FNF:6
FNH:0
FNDA:0,getCategories
FNDA:0,getCategoryById
FNDA:0,createCategory
FNDA:0,updateCategory
FNDA:0,deleteCategory
FNDA:0,searchCategories
DA:4,0
DA:5,0
DA:7,0
DA:8,0
DA:12,0
DA:15,0
DA:16,0
DA:17,0
DA:19,0
DA:25,0
DA:26,0
DA:28,0
DA:40,0
DA:45,0
DA:46,0
DA:48,0
DA:49,0
DA:52,0
DA:55,0
DA:60,0
DA:61,0
DA:63,0
DA:69,0
DA:70,0
DA:73,0
DA:78,0
DA:79,0
DA:81,0
DA:83,0
DA:88,0
DA:91,0
DA:93,0
DA:94,0
DA:95,0
DA:97,0
DA:103,0
DA:104,0
DA:107,0
DA:110,0
DA:115,0
DA:116,0
DA:118,0
DA:120,0
DA:121,0
DA:124,0
DA:127,0
DA:132,0
DA:140,0
DA:142,0
DA:144,0
DA:145,0
DA:150,0
DA:151,0
DA:154,0
DA:156,0
DA:157,0
DA:158,0
DA:160,0
DA:163,0
DA:164,0
DA:167,0
DA:170,0
DA:171,0
DA:172,0
DA:174,0
DA:180,0
DA:181,0
DA:183,0
DA:201,0
LF:69
LH:0
BRDA:7,0,0,0
BRDA:7,0,1,0
BRDA:7,1,0,0
BRDA:7,1,1,0
BRDA:15,2,0,0
BRDA:15,2,1,0
BRDA:16,3,0,0
BRDA:16,3,1,0
BRDA:48,4,0,0
BRDA:48,4,1,0
BRDA:83,5,0,0
BRDA:83,5,1,0
BRDA:84,6,0,0
BRDA:84,6,1,0
BRDA:84,6,2,0
BRDA:93,7,0,0
BRDA:93,7,1,0
BRDA:94,8,0,0
BRDA:94,8,1,0
BRDA:95,9,0,0
BRDA:95,9,1,0
BRDA:103,10,0,0
BRDA:103,10,1,0
BRDA:120,11,0,0
BRDA:120,11,1,0
BRDA:144,12,0,0
BRDA:144,12,1,0
BRDA:150,13,0,0
BRDA:150,13,1,0
BRDA:156,14,0,0
BRDA:156,14,1,0
BRDA:157,15,0,0
BRDA:157,15,1,0
BRDA:163,16,0,0
BRDA:163,16,1,0
BRDA:163,17,0,0
BRDA:163,17,1,0
BRDA:170,18,0,0
BRDA:170,18,1,0
BRDA:171,19,0,0
BRDA:171,19,1,0
BRDA:193,20,0,0
BRDA:193,20,1,0
BRDA:194,21,0,0
BRDA:194,21,1,0
BRDA:195,22,0,0
BRDA:195,22,1,0
BRDA:196,23,0,0
BRDA:196,23,1,0
BRF:49
BRH:0
end_of_record
TN:
SF:src\controllers\clientController.js
FN:3,getClients
FN:44,createClient
FN:68,updateClient
FN:102,checkEmail
FN:115,searchClient
FNF:5
FNH:0
FNDA:0,getClients
FNDA:0,createClient
FNDA:0,updateClient
FNDA:0,checkEmail
FNDA:0,searchClient
DA:4,0
DA:5,0
DA:7,0
DA:8,0
DA:11,0
DA:16,0
DA:17,0
DA:18,0
DA:20,0
DA:25,0
DA:26,0
DA:28,0
DA:40,0
DA:45,0
DA:46,0
DA:48,0
DA:49,0
DA:52,0
DA:57,0
DA:59,0
DA:61,0
DA:64,0
DA:69,0
DA:70,0
DA:71,0
DA:73,0
DA:74,0
DA:79,0
DA:81,0
DA:82,0
DA:85,0
DA:86,0
DA:88,0
DA:90,0
DA:92,0
DA:98,0
DA:103,0
DA:104,0
DA:108,0
DA:109,0
DA:111,0
DA:116,0
DA:117,0
DA:119,0
DA:120,0
DA:123,0
DA:125,0
DA:132,0
DA:134,0
LF:49
LH:0
BRDA:7,0,0,0
BRDA:7,0,1,0
BRDA:7,1,0,0
BRDA:7,1,1,0
BRDA:16,2,0,0
BRDA:16,2,1,0
BRDA:17,3,0,0
BRDA:17,3,1,0
BRDA:48,4,0,0
BRDA:48,4,1,0
BRDA:48,5,0,0
BRDA:48,5,1,0
BRDA:73,6,0,0
BRDA:73,6,1,0
BRDA:73,7,0,0
BRDA:73,7,1,0
BRDA:81,8,0,0
BRDA:81,8,1,0
BRDA:85,9,0,0
BRDA:85,9,1,0
BRDA:86,10,0,0
BRDA:86,10,1,0
BRDA:104,11,0,0
BRDA:104,11,1,0
BRDA:119,12,0,0
BRDA:119,12,1,0
BRF:26
BRH:0
end_of_record
TN:
SF:src\controllers\orderController.js
FN:6,getOrders
FN:24,getOrderById
FN:43,getOrdersByClient
FN:76,createOrder
FN:96,(anonymous_4)
FN:116,(anonymous_5)
FN:126,(anonymous_6)
FN:136,(anonymous_7)
FN:139,(anonymous_8)
FN:165,(anonymous_9)
FN:211,(anonymous_10)
FN:224,updateOrderStatus
FN:253,previewOrder
FN:261,(anonymous_13)
FN:272,(anonymous_14)
FNF:15
FNH:0
FNDA:0,getOrders
FNDA:0,getOrderById
FNDA:0,getOrdersByClient
FNDA:0,createOrder
FNDA:0,(anonymous_4)
FNDA:0,(anonymous_5)
FNDA:0,(anonymous_6)
FNDA:0,(anonymous_7)
FNDA:0,(anonymous_8)
FNDA:0,(anonymous_9)
FNDA:0,(anonymous_10)
FNDA:0,updateOrderStatus
FNDA:0,previewOrder
FNDA:0,(anonymous_13)
FNDA:0,(anonymous_14)
DA:7,0
DA:9,0
DA:15,0
DA:20,0
DA:25,0
DA:26,0
DA:28,0
DA:32,0
DA:33,0
DA:36,0
DA:39,0
DA:44,0
DA:45,0
DA:46,0
DA:47,0
DA:48,0
DA:50,0
DA:58,0
DA:59,0
DA:61,0
DA:72,0
DA:77,0
DA:83,0
DA:85,0
DA:88,0
DA:89,0
DA:92,0
DA:93,0
DA:96,0
DA:97,0
DA:99,0
DA:100,0
DA:103,0
DA:104,0
DA:113,0
DA:116,0
DA:118,0
DA:119,0
DA:125,0
DA:127,0
DA:136,0
DA:138,0
DA:140,0
DA:141,0
DA:142,0
DA:146,0
DA:151,0
DA:153,0
DA:154,0
DA:156,0
DA:157,0
DA:159,0
DA:160,0
DA:161,0
DA:165,0
DA:173,0
DA:175,0
DA:176,0
DA:177,0
DA:179,0
DA:193,0
DA:194,0
DA:200,0
DA:201,0
DA:203,0
DA:205,0
DA:208,0
DA:210,0
DA:212,0
DA:217,0
DA:220,0
DA:225,0
DA:226,0
DA:227,0
DA:229,0
DA:231,0
DA:232,0
DA:236,0
DA:237,0
DA:242,0
DA:246,0
DA:249,0
DA:254,0
DA:255,0
DA:257,0
DA:258,0
DA:261,0
DA:262,0
DA:264,0
DA:266,0
DA:272,0
DA:273,0
DA:276,0
DA:278,0
DA:279,0
DA:280,0
DA:281,0
DA:283,0
DA:284,0
DA:285,0
DA:289,0
DA:291,0
DA:298,0
DA:299,0
LF:104
LH:0
BRDA:32,0,0,0
BRDA:32,0,1,0
BRDA:46,1,0,0
BRDA:46,1,1,0
BRDA:47,2,0,0
BRDA:47,2,1,0
BRDA:88,3,0,0
BRDA:88,3,1,0
BRDA:92,4,0,0
BRDA:92,4,1,0
BRDA:92,5,0,0
BRDA:92,5,1,0
BRDA:99,6,0,0
BRDA:99,6,1,0
BRDA:103,7,0,0
BRDA:103,7,1,0
BRDA:118,8,0,0
BRDA:118,8,1,0
BRDA:136,9,0,0
BRDA:136,9,1,0
BRDA:140,10,0,0
BRDA:140,10,1,0
BRDA:153,11,0,0
BRDA:153,11,1,0
BRDA:156,12,0,0
BRDA:156,12,1,0
BRDA:157,13,0,0
BRDA:157,13,1,0
BRDA:159,14,0,0
BRDA:159,14,1,0
BRDA:159,15,0,0
BRDA:159,15,1,0
BRDA:160,16,0,0
BRDA:160,16,1,0
BRDA:160,17,0,0
BRDA:160,17,1,0
BRDA:161,18,0,0
BRDA:161,18,1,0
BRDA:169,19,0,0
BRDA:169,19,1,0
BRDA:181,20,0,0
BRDA:181,20,1,0
BRDA:193,21,0,0
BRDA:193,21,1,0
BRDA:203,22,0,0
BRDA:203,22,1,0
BRDA:231,23,0,0
BRDA:231,23,1,0
BRDA:236,24,0,0
BRDA:236,24,1,0
BRDA:257,25,0,0
BRDA:257,25,1,0
BRDA:257,26,0,0
BRDA:257,26,1,0
BRDA:257,26,2,0
BRDA:264,27,0,0
BRDA:264,27,1,0
BRDA:272,28,0,0
BRDA:272,28,1,0
BRDA:278,29,0,0
BRDA:278,29,1,0
BRDA:280,30,0,0
BRDA:280,30,1,0
BRDA:281,31,0,0
BRDA:281,31,1,0
BRDA:283,32,0,0
BRDA:283,32,1,0
BRDA:283,33,0,0
BRDA:283,33,1,0
BRDA:284,34,0,0
BRDA:284,34,1,0
BRDA:284,35,0,0
BRDA:284,35,1,0
BRDA:285,36,0,0
BRDA:285,36,1,0
BRF:75
BRH:0
end_of_record
TN:
SF:src\controllers\productController.js
FN:3,getProducts
FN:61,getProductById
FN:78,getProductByCategory
FN:93,createProduct
FN:116,updateProduct
FN:153,deleteProduct
FNF:6
FNH:0
FNDA:0,getProducts
FNDA:0,getProductById
FNDA:0,getProductByCategory
FNDA:0,createProduct
FNDA:0,updateProduct
FNDA:0,deleteProduct
DA:4,0
DA:5,0
DA:7,0
DA:9,0
DA:10,0
DA:13,0
DA:14,0
DA:18,0
DA:20,0
DA:32,0
DA:33,0
DA:34,0
DA:36,0
DA:42,0
DA:43,0
DA:45,0
DA:57,0
DA:62,0
DA:63,0
DA:65,0
DA:67,0
DA:68,0
DA:71,0
DA:74,0
DA:79,0
DA:80,0
DA:82,0
DA:86,0
DA:89,0
DA:94,0
DA:95,0
DA:97,0
DA:105,0
DA:107,0
DA:109,0
DA:112,0
DA:117,0
DA:118,0
DA:119,0
DA:121,0
DA:127,0
DA:130,0
DA:132,0
DA:133,0
DA:136,0
DA:137,0
DA:138,0
DA:139,0
DA:140,0
DA:142,0
DA:144,0
DA:146,0
DA:149,0
DA:154,0
DA:155,0
DA:157,0
DA:159,0
DA:160,0
DA:162,0
DA:166,0
LF:60
LH:0
BRDA:9,0,0,0
BRDA:9,0,1,0
BRDA:13,1,0,0
BRDA:13,1,1,0
BRDA:13,2,0,0
BRDA:13,2,1,0
BRDA:32,3,0,0
BRDA:32,3,1,0
BRDA:33,4,0,0
BRDA:33,4,1,0
BRDA:67,5,0,0
BRDA:67,5,1,0
BRDA:121,6,0,0
BRDA:121,6,1,0
BRDA:122,7,0,0
BRDA:122,7,1,0
BRDA:122,7,2,0
BRDA:122,7,3,0
BRDA:122,7,4,0
BRDA:132,8,0,0
BRDA:132,8,1,0
BRDA:136,9,0,0
BRDA:136,9,1,0
BRDA:137,10,0,0
BRDA:137,10,1,0
BRDA:138,11,0,0
BRDA:138,11,1,0
BRDA:139,12,0,0
BRDA:139,12,1,0
BRDA:140,13,0,0
BRDA:140,13,1,0
BRDA:159,14,0,0
BRDA:159,14,1,0
BRF:33
BRH:0
end_of_record
TN:
SF:src\controllers\userController.js
FN:5,(anonymous_0)
FN:26,getUsers
FN:63,getUserById
FN:83,updateUser
FN:124,toggleUserStatus
FN:149,createUser
FNF:6
FNH:0
FNDA:0,(anonymous_0)
FNDA:0,getUsers
FNDA:0,getUserById
FNDA:0,updateUser
FNDA:0,toggleUserStatus
FNDA:0,createUser
DA:5,7
DA:6,0
DA:7,0
DA:9,0
DA:11,0
DA:12,0
DA:15,0
DA:21,0
DA:27,0
DA:28,0
DA:30,0
DA:31,0
DA:32,0
DA:33,0
DA:35,0
DA:36,0
DA:38,0
DA:44,0
DA:46,0
DA:58,0
DA:64,0
DA:65,0
DA:66,0
DA:68,0
DA:69,0
DA:72,0
DA:78,0
DA:84,0
DA:85,0
DA:86,0
DA:88,0
DA:93,0
DA:98,0
DA:100,0
DA:101,0
DA:104,0
DA:105,0
DA:106,0
DA:107,0
DA:109,0
DA:111,0
DA:113,0
DA:119,0
DA:125,0
DA:126,0
DA:128,0
DA:130,0
DA:131,0
DA:134,0
DA:135,0
DA:137,0
DA:138,0
DA:144,0
DA:150,0
DA:151,0
DA:153,0
DA:154,0
DA:156,0
DA:165,0
DA:167,0
DA:169,0
DA:171,0
LF:62
LH:1
BRDA:11,0,0,0
BRDA:11,0,1,0
BRDA:28,1,0,0
BRDA:28,2,0,0
BRDA:31,3,0,0
BRDA:31,3,1,0
BRDA:32,4,0,0
BRDA:32,4,1,0
BRDA:33,5,0,0
BRDA:33,5,1,0
BRDA:35,6,0,0
BRDA:35,6,1,0
BRDA:36,7,0,0
BRDA:36,7,1,0
BRDA:51,8,0,0
BRDA:51,8,1,0
BRDA:68,9,0,0
BRDA:68,9,1,0
BRDA:88,10,0,0
BRDA:88,10,1,0
BRDA:89,11,0,0
BRDA:89,11,1,0
BRDA:89,11,2,0
BRDA:89,11,3,0
BRDA:100,12,0,0
BRDA:100,12,1,0
BRDA:104,13,0,0
BRDA:104,13,1,0
BRDA:105,14,0,0
BRDA:105,14,1,0
BRDA:106,15,0,0
BRDA:106,15,1,0
BRDA:107,16,0,0
BRDA:107,16,1,0
BRDA:130,17,0,0
BRDA:130,17,1,0
BRDA:139,18,0,0
BRDA:139,18,1,0
BRF:38
BRH:0
end_of_record
TN:
SF:src\middlewares\authMiddleware.js
FN:3,authMiddleware
FN:10,(anonymous_1)
FNF:2
FNH:0
FNDA:0,authMiddleware
FNDA:0,(anonymous_1)
DA:4,0
DA:6,0
DA:7,0
DA:10,0
DA:12,0
DA:13,0
DA:16,0
DA:18,0
DA:19,0
DA:22,0
LF:10
LH:0
BRDA:6,0,0,0
BRDA:6,0,1,0
BRDA:12,1,0,0
BRDA:12,1,1,0
BRDA:18,2,0,0
BRDA:18,2,1,0
BRF:6
BRH:0
end_of_record
TN:
SF:src\middlewares\errorHandler.js
FN:9,(anonymous_0)
FN:25,(anonymous_1)
FNF:2
FNH:0
FNDA:0,(anonymous_0)
FNDA:0,(anonymous_1)
DA:5,7
DA:6,7
DA:9,7
DA:11,0
DA:12,0
DA:13,0
DA:20,0
DA:21,0
DA:22,0
DA:25,0
DA:26,0
DA:27,0
DA:31,0
DA:32,0
DA:33,0
LF:15
LH:3
BRDA:21,0,0,0
BRDA:21,0,1,0
BRDA:26,1,0,0
BRDA:26,1,1,0
BRDA:31,2,0,0
BRDA:31,2,1,0
BRDA:32,3,0,0
BRDA:32,3,1,0
BRDA:32,3,2,0
BRDA:34,4,0,0
BRDA:34,4,1,0
BRDA:35,5,0,0
BRDA:35,5,1,0
BRF:13
BRH:0
end_of_record
TN:
SF:src\middlewares\globalerrorHandler.js
FN:8,(anonymous_0)
FN:18,(anonymous_1)
FN:25,(anonymous_2)
FNF:3
FNH:1
FNDA:7,(anonymous_0)
FNDA:0,(anonymous_1)
FNDA:0,(anonymous_2)
DA:5,7
DA:6,7
DA:8,7
DA:10,7
DA:13,7
DA:14,7
DA:15,0
DA:18,7
DA:19,0
DA:20,0
DA:21,0
DA:22,0
DA:25,7
DA:26,0
DA:27,0
DA:28,0
DA:29,0
LF:17
LH:8
BRDA:14,0,0,0
BRDA:14,0,1,7
BRF:2
BRH:1
end_of_record
TN:
SF:src\middlewares\isAdminMiddleware.js
FN:1,isAdmin
FNF:1
FNH:0
FNDA:0,isAdmin
DA:2,0
DA:3,0
DA:6,0
DA:7,0
DA:10,0
LF:5
LH:0
BRDA:2,0,0,0
BRDA:2,0,1,0
BRDA:6,1,0,0
BRDA:6,1,1,0
BRF:4
BRH:0
end_of_record
TN:
SF:src\middlewares\validation.js
FN:3,validate
FNF:1
FNH:1
FNDA:8,validate
DA:4,8
DA:6,8
DA:7,8
DA:10,0
LF:4
LH:3
BRDA:6,0,0,8
BRDA:6,0,1,0
BRF:2
BRH:1
end_of_record
TN:
SF:src\middlewares\validators.js
FN:3,(anonymous_0)
FN:13,(anonymous_1)
FN:23,(anonymous_2)
FN:36,(anonymous_3)
FN:39,(anonymous_4)
FN:47,(anonymous_5)
FN:58,(anonymous_6)
FN:72,(anonymous_7)
FN:80,(anonymous_8)
FN:84,(anonymous_9)
FN:91,(anonymous_10)
FN:97,(anonymous_11)
FN:101,(anonymous_12)
FN:105,(anonymous_13)
FN:112,(anonymous_14)
FN:119,(anonymous_15)
FN:123,(anonymous_16)
FN:130,(anonymous_17)
FN:137,(anonymous_18)
FN:148,(anonymous_19)
FN:156,(anonymous_20)
FN:162,(anonymous_21)
FN:165,(anonymous_22)
FN:171,(anonymous_23)
FN:181,(anonymous_24)
FN:191,(anonymous_25)
FN:198,(anonymous_26)
FN:201,(anonymous_27)
FN:218,(anonymous_28)
FN:227,(anonymous_29)
FN:232,(anonymous_30)
FN:237,(anonymous_31)
FNF:32
FNH:26
FNDA:35,(anonymous_0)
FNDA:0,(anonymous_1)
FNDA:0,(anonymous_2)
FNDA:7,(anonymous_3)
FNDA:21,(anonymous_4)
FNDA:7,(anonymous_5)
FNDA:28,(anonymous_6)
FNDA:21,(anonymous_7)
FNDA:35,(anonymous_8)
FNDA:49,(anonymous_9)
FNDA:98,(anonymous_10)
FNDA:0,(anonymous_11)
FNDA:14,(anonymous_12)
FNDA:14,(anonymous_13)
FNDA:0,(anonymous_14)
FNDA:0,(anonymous_15)
FNDA:7,(anonymous_16)
FNDA:7,(anonymous_17)
FNDA:14,(anonymous_18)
FNDA:7,(anonymous_19)
FNDA:14,(anonymous_20)
FNDA:7,(anonymous_21)
FNDA:7,(anonymous_22)
FNDA:7,(anonymous_23)
FNDA:14,(anonymous_24)
FNDA:14,(anonymous_25)
FNDA:14,(anonymous_26)
FNDA:0,(anonymous_27)
FNDA:14,(anonymous_28)
FNDA:7,(anonymous_29)
FNDA:7,(anonymous_30)
FNDA:7,(anonymous_31)
DA:3,7
DA:4,35
DA:10,35
DA:13,7
DA:14,0
DA:23,7
DA:24,0
DA:32,0
DA:36,7
DA:37,7
DA:39,7
DA:40,21
DA:47,7
DA:48,7
DA:54,7
DA:58,7
DA:59,28
DA:67,28
DA:72,21
DA:80,7
DA:81,35
DA:84,7
DA:85,49
DA:87,49
DA:91,7
DA:92,98
DA:93,98
DA:97,7
DA:98,0
DA:101,7
DA:102,14
DA:105,7
DA:106,14
DA:112,7
DA:113,0
DA:119,7
DA:120,0
DA:123,7
DA:124,7
DA:130,7
DA:131,7
DA:137,7
DA:138,14
DA:144,14
DA:148,7
DA:149,7
DA:156,7
DA:157,14
DA:159,14
DA:162,7
DA:163,7
DA:165,7
DA:166,7
DA:171,7
DA:172,7
DA:178,7
DA:181,7
DA:182,14
DA:187,14
DA:191,7
DA:192,14
DA:198,7
DA:199,14
DA:202,0
DA:203,0
DA:205,0
DA:206,0
DA:208,0
DA:209,0
DA:211,0
DA:214,14
DA:218,7
DA:219,14
DA:224,14
DA:227,7
DA:228,7
DA:232,7
DA:233,7
DA:237,7
LF:79
LH:66
BRDA:3,0,0,28
BRDA:10,1,0,7
BRDA:10,1,1,28
BRDA:23,2,0,0
BRDA:32,3,0,0
BRDA:32,3,1,0
BRDA:47,4,0,7
BRDA:54,5,0,0
BRDA:54,5,1,7
BRDA:58,6,0,0
BRDA:67,7,0,14
BRDA:67,7,1,14
BRDA:80,8,0,0
BRDA:84,9,0,21
BRDA:87,10,0,28
BRDA:87,10,1,21
BRDA:91,11,0,0
BRDA:91,12,0,0
BRDA:92,13,0,98
BRDA:92,13,1,0
BRDA:112,14,0,0
BRDA:137,15,0,14
BRDA:144,16,0,0
BRDA:144,16,1,14
BRDA:156,17,0,0
BRDA:156,18,0,14
BRDA:159,19,0,0
BRDA:159,19,1,14
BRDA:162,20,0,0
BRDA:165,21,0,0
BRDA:171,22,0,7
BRDA:178,23,0,0
BRDA:178,23,1,7
BRDA:181,24,0,0
BRDA:187,25,0,7
BRDA:187,25,1,7
BRDA:191,26,0,0
BRDA:198,27,0,0
BRDA:198,28,0,0
BRDA:202,29,0,0
BRDA:202,29,1,0
BRDA:202,30,0,0
BRDA:202,30,1,0
BRDA:202,30,2,0
BRDA:208,31,0,0
BRDA:208,31,1,0
BRDA:208,32,0,0
BRDA:208,32,1,0
BRDA:214,33,0,7
BRDA:214,33,1,7
BRDA:218,34,0,0
BRDA:218,35,0,0
BRDA:218,36,0,0
BRDA:224,37,0,7
BRDA:224,37,1,7
BRF:55
BRH:23
end_of_record
TN:
SF:src\models\cashSession.js
FNF:0
FNH:0
DA:3,7
DA:49,7
LF:2
LH:2
BRF:0
BRH:0
end_of_record
TN:
SF:src\models\category.js
FNF:0
FNH:0
DA:3,7
DA:25,7
LF:2
LH:2
BRF:0
BRH:0
end_of_record
TN:
SF:src\models\client.js
FNF:0
FNH:0
DA:3,7
DA:30,7
LF:2
LH:2
BRF:0
BRH:0
end_of_record
TN:
SF:src\models\order.js
FNF:0
FNH:0
DA:3,7
DA:81,7
LF:2
LH:2
BRF:0
BRH:0
end_of_record
TN:
SF:src\models\product.js
FNF:0
FNH:0
DA:3,7
DA:34,7
LF:2
LH:2
BRF:0
BRH:0
end_of_record
TN:
SF:src\models\user.js
FNF:0
FNH:0
DA:3,7
DA:39,7
LF:2
LH:2
BRF:0
BRH:0
end_of_record
TN:
SF:src\routes\authRoutes.js
FNF:0
FNH:0
DA:20,7
DA:22,7
DA:29,7
DA:34,7
DA:36,7
DA:38,7
DA:43,7
LF:7
LH:7
BRF:0
BRH:0
end_of_record
TN:
SF:src\routes\cashRoutes.js
FNF:0
FNH:0
DA:15,7
DA:17,7
DA:21,7
DA:25,7
LF:4
LH:4
BRF:0
BRH:0
end_of_record
TN:
SF:src\routes\categoryRoutes.js
FNF:0
FNH:0
DA:20,7
DA:22,7
DA:24,7
DA:26,7
DA:30,7
DA:36,7
DA:43,7
LF:7
LH:7
BRF:0
BRH:0
end_of_record
TN:
SF:src\routes\clientRoutes.js
FNF:0
FNH:0
DA:21,7
DA:23,7
DA:25,7
DA:29,7
DA:34,7
DA:40,7
LF:6
LH:6
BRF:0
BRH:0
end_of_record
TN:
SF:src\routes\index.js
FNF:0
FNH:0
DA:10,7
DA:12,7
DA:13,7
DA:14,7
DA:15,7
DA:16,7
DA:17,7
DA:18,7
LF:8
LH:8
BRF:0
BRH:0
end_of_record
TN:
SF:src\routes\orderRoutes.js
FNF:0
FNH:0
DA:21,7
DA:23,7
DA:25,7
DA:29,7
DA:33,7
DA:53,7
DA:62,7
LF:7
LH:7
BRF:0
BRH:0
end_of_record
TN:
SF:src\routes\productRoutes.js
FNF:0
FNH:0
DA:24,7
DA:26,7
DA:30,7
DA:34,7
DA:38,7
DA:46,7
DA:55,7
LF:7
LH:7
BRF:0
BRH:0
end_of_record
TN:
SF:src\routes\userRoutes.js
FNF:0
FNH:0
DA:31,7
DA:34,7
DA:40,7
DA:42,7
DA:48,7
DA:52,7
DA:61,7
DA:68,7
LF:8
LH:8
BRF:0
BRH:0
end_of_record
TN:
SF:src\utils\orderHelper.js
FN:15,calculateOrderFinancials
FN:17,(anonymous_1)
FNF:2
FNH:0
FNDA:0,calculateOrderFinancials
FNDA:0,(anonymous_1)
DA:7,7
DA:16,0
DA:17,0
DA:21,0
DA:23,0
DA:24,0
DA:25,0
DA:27,0
LF:8
LH:1
BRDA:15,0,0,0
BRF:1
BRH:0
end_of_record
