TN:
SF:server.js
FN:25,(anonymous_0)
FN:41,(anonymous_1)
FN:54,(anonymous_2)
FN:66,(anonymous_3)
FNF:4
FNH:3
FNDA:1,(anonymous_0)
FNDA:1,(anonymous_1)
FNDA:1,(anonymous_2)
FNDA:0,(anonymous_3)
DA:10,8
DA:12,8
DA:14,8
DA:16,8
DA:18,8
DA:22,8
DA:25,8
DA:26,1
DA:32,1
DA:33,1
DA:35,0
DA:36,0
DA:41,8
DA:42,1
DA:52,8
DA:54,8
DA:55,1
DA:62,8
DA:64,8
DA:65,0
DA:66,0
DA:67,0
LF:22
LH:17
BRDA:30,0,0,1
BRDA:30,0,1,0
BRDA:64,1,0,0
BRDA:64,1,1,8
BRDA:65,2,0,0
BRDA:65,2,1,0
BRF:6
BRH:2
end_of_record
TN:
SF:src\config\database.js
FN:7,(anonymous_0)
FNF:1
FNH:1
FNDA:8,(anonymous_0)
DA:4,8
DA:7,8
DA:8,8
DA:9,8
DA:11,0
DA:12,0
DA:13,0
DA:15,0
DA:21,0
DA:24,0
DA:25,0
LF:11
LH:4
BRDA:8,0,0,8
BRDA:8,0,1,0
BRF:2
BRH:1
end_of_record
TN:
SF:src\controllers\authController.js
FN:5,(anonymous_0)
FN:12,(anonymous_1)
FN:19,(anonymous_2)
FN:24,(anonymous_3)
FN:29,register
FN:58,login
FN:105,refreshToken
FN:117,(anonymous_7)
FN:118,(anonymous_8)
FN:141,logout
FN:145,verifyPin
FN:168,checkRole
FNF:12
FNH:12
FNDA:11,(anonymous_0)
FNDA:10,(anonymous_1)
FNDA:22,(anonymous_2)
FNDA:10,(anonymous_3)
FNDA:11,register
FNDA:11,login
FNDA:2,refreshToken
FNDA:1,(anonymous_7)
FNDA:1,(anonymous_8)
FNDA:1,logout
FNDA:3,verifyPin
FNDA:2,checkRole
DA:5,8
DA:6,11
DA:12,8
DA:13,10
DA:19,8
DA:20,22
DA:21,22
DA:24,8
DA:25,10
DA:26,10
DA:30,11
DA:31,11
DA:33,11
DA:35,11
DA:36,1
DA:39,10
DA:41,10
DA:49,10
DA:51,10
DA:54,0
DA:59,11
DA:60,11
DA:62,11
DA:64,11
DA:65,0
DA:68,11
DA:70,11
DA:71,1
DA:74,10
DA:81,10
DA:88,10
DA:101,0
DA:106,2
DA:107,2
DA:109,2
DA:110,1
DA:113,1
DA:114,0
DA:117,1
DA:118,1
DA:119,1
DA:120,1
DA:124,1
DA:131,1
DA:133,0
DA:134,0
DA:137,0
DA:142,1
DA:146,3
DA:147,3
DA:149,3
DA:151,3
DA:152,1
DA:155,2
DA:157,2
DA:158,1
DA:161,1
DA:164,0
DA:169,2
DA:170,2
DA:171,2
DA:173,2
DA:174,1
DA:177,1
DA:179,0
LF:65
LH:56
BRDA:35,0,0,1
BRDA:35,0,1,10
BRDA:64,1,0,0
BRDA:64,1,1,11
BRDA:70,2,0,1
BRDA:70,2,1,10
BRDA:109,3,0,1
BRDA:109,3,1,1
BRDA:113,4,0,0
BRDA:113,4,1,1
BRDA:113,5,0,1
BRDA:113,5,1,1
BRDA:119,6,0,0
BRDA:119,6,1,1
BRDA:133,7,0,0
BRDA:133,7,1,0
BRDA:133,8,0,0
BRDA:133,8,1,0
BRDA:151,9,0,1
BRDA:151,9,1,2
BRDA:151,10,0,3
BRDA:151,10,1,3
BRDA:157,11,0,1
BRDA:157,11,1,1
BRDA:173,12,0,1
BRDA:173,12,1,1
BRF:26
BRH:19
end_of_record
TN:
SF:src\controllers\cashSessionController.js
FN:4,getTurnoTotal
FN:25,(anonymous_1)
FN:37,openCashSession
FN:75,closeCashSession
FN:100,(anonymous_4)
FNF:5
FNH:3
FNDA:1,getTurnoTotal
FNDA:0,(anonymous_1)
FNDA:2,openCashSession
FNDA:2,closeCashSession
FNDA:0,(anonymous_4)
DA:5,1
DA:6,1
DA:7,1
DA:9,1
DA:10,0
DA:13,1
DA:14,0
DA:17,1
DA:19,1
DA:25,1
DA:27,1
DA:33,0
DA:38,2
DA:40,2
DA:41,2
DA:43,2
DA:44,2
DA:46,2
DA:47,0
DA:50,2
DA:51,1
DA:54,1
DA:55,0
DA:58,1
DA:65,1
DA:70,0
DA:71,0
DA:76,2
DA:77,2
DA:78,2
DA:80,2
DA:81,0
DA:84,2
DA:85,1
DA:88,1
DA:90,1
DA:91,0
DA:94,1
DA:100,1
DA:101,1
DA:103,1
DA:118,1
DA:124,0
LF:43
LH:33
BRDA:9,0,0,0
BRDA:9,0,1,1
BRDA:13,1,0,0
BRDA:13,1,1,1
BRDA:25,2,0,0
BRDA:25,2,1,0
BRDA:46,3,0,0
BRDA:46,3,1,2
BRDA:50,4,0,1
BRDA:50,4,1,1
BRDA:54,5,0,0
BRDA:54,5,1,1
BRDA:54,6,0,1
BRDA:54,6,1,1
BRDA:61,7,0,0
BRDA:61,7,1,1
BRDA:80,8,0,0
BRDA:80,8,1,2
BRDA:84,9,0,1
BRDA:84,9,1,1
BRDA:90,10,0,0
BRDA:90,10,1,1
BRDA:100,11,0,0
BRDA:100,11,1,0
BRDA:107,12,0,0
BRDA:107,12,1,1
BRDA:112,13,0,1
BRDA:112,13,1,0
BRDA:112,14,0,0
BRDA:112,14,1,0
BRF:30
BRH:15
end_of_record
TN:
SF:src\controllers\categoryController.js
FN:3,getCategories
FN:44,getCategoryById
FN:59,createCategory
FN:77,updateCategory
FN:114,deleteCategory
FN:131,searchCategories
FNF:6
FNH:6
FNDA:2,getCategories
FNDA:2,getCategoryById
FNDA:4,createCategory
FNDA:2,updateCategory
FNDA:2,deleteCategory
FNDA:1,searchCategories
DA:4,2
DA:5,2
DA:7,2
DA:8,1
DA:12,1
DA:15,1
DA:16,1
DA:17,1
DA:19,1
DA:25,1
DA:26,1
DA:28,1
DA:40,0
DA:45,2
DA:46,2
DA:48,2
DA:49,1
DA:52,1
DA:55,0
DA:60,4
DA:61,4
DA:63,4
DA:69,4
DA:70,4
DA:73,0
DA:78,2
DA:79,2
DA:81,2
DA:83,2
DA:88,1
DA:91,1
DA:93,1
DA:94,1
DA:95,1
DA:97,1
DA:103,1
DA:104,0
DA:107,1
DA:110,0
DA:115,2
DA:116,2
DA:118,2
DA:120,2
DA:121,1
DA:124,1
DA:127,0
DA:132,1
DA:140,1
DA:142,1
DA:144,1
DA:145,0
DA:150,1
DA:151,0
DA:154,1
DA:156,1
DA:157,0
DA:158,0
DA:160,1
DA:163,1
DA:164,1
DA:167,1
DA:170,0
DA:171,0
DA:172,0
DA:174,0
DA:180,0
DA:181,0
DA:183,0
DA:201,0
LF:69
LH:51
BRDA:7,0,0,1
BRDA:7,0,1,1
BRDA:7,1,0,2
BRDA:7,1,1,1
BRDA:15,2,0,1
BRDA:15,2,1,0
BRDA:16,3,0,1
BRDA:16,3,1,0
BRDA:48,4,0,1
BRDA:48,4,1,1
BRDA:83,5,0,1
BRDA:83,5,1,1
BRDA:84,6,0,2
BRDA:84,6,1,1
BRDA:84,6,2,1
BRDA:93,7,0,1
BRDA:93,7,1,0
BRDA:94,8,0,0
BRDA:94,8,1,1
BRDA:95,9,0,0
BRDA:95,9,1,1
BRDA:103,10,0,0
BRDA:103,10,1,1
BRDA:120,11,0,1
BRDA:120,11,1,1
BRDA:144,12,0,0
BRDA:144,12,1,1
BRDA:150,13,0,0
BRDA:150,13,1,1
BRDA:156,14,0,0
BRDA:156,14,1,1
BRDA:157,15,0,0
BRDA:157,15,1,0
BRDA:163,16,0,1
BRDA:163,16,1,0
BRDA:163,17,0,1
BRDA:163,17,1,0
BRDA:170,18,0,0
BRDA:170,18,1,0
BRDA:171,19,0,0
BRDA:171,19,1,0
BRDA:193,20,0,0
BRDA:193,20,1,0
BRDA:194,21,0,0
BRDA:194,21,1,0
BRDA:195,22,0,0
BRDA:195,22,1,0
BRDA:196,23,0,0
BRDA:196,23,1,0
BRF:49
BRH:24
end_of_record
TN:
SF:src\controllers\clientController.js
FN:3,getClients
FN:44,createClient
FN:68,updateClient
FN:102,checkEmail
FN:115,searchClient
FNF:5
FNH:5
FNDA:2,getClients
FNDA:3,createClient
FNDA:2,updateClient
FNDA:2,checkEmail
FNDA:2,searchClient
DA:4,2
DA:5,2
DA:7,2
DA:8,1
DA:11,1
DA:16,1
DA:17,1
DA:18,1
DA:20,1
DA:25,1
DA:26,1
DA:28,1
DA:40,0
DA:45,3
DA:46,3
DA:48,3
DA:49,0
DA:52,3
DA:57,3
DA:59,3
DA:61,3
DA:64,0
DA:69,2
DA:70,2
DA:71,2
DA:73,2
DA:74,0
DA:79,2
DA:81,2
DA:82,1
DA:85,1
DA:86,1
DA:88,1
DA:90,1
DA:92,1
DA:98,0
DA:103,2
DA:104,2
DA:108,2
DA:109,2
DA:111,0
DA:116,2
DA:117,2
DA:119,2
DA:120,1
DA:123,1
DA:125,1
DA:132,1
DA:134,0
LF:49
LH:42
BRDA:7,0,0,1
BRDA:7,0,1,1
BRDA:7,1,0,2
BRDA:7,1,1,1
BRDA:16,2,0,1
BRDA:16,2,1,0
BRDA:17,3,0,1
BRDA:17,3,1,0
BRDA:48,4,0,0
BRDA:48,4,1,3
BRDA:48,5,0,3
BRDA:48,5,1,3
BRDA:73,6,0,0
BRDA:73,6,1,2
BRDA:73,7,0,2
BRDA:73,7,1,0
BRDA:81,8,0,1
BRDA:81,8,1,1
BRDA:85,9,0,1
BRDA:85,9,1,0
BRDA:86,10,0,1
BRDA:86,10,1,0
BRDA:104,11,0,2
BRDA:104,11,1,0
BRDA:119,12,0,1
BRDA:119,12,1,1
BRF:26
BRH:18
end_of_record
TN:
SF:src\controllers\orderController.js
FN:6,getOrders
FN:24,getOrderById
FN:43,getOrdersByClient
FN:76,createOrder
FN:96,(anonymous_4)
FN:116,(anonymous_5)
FN:126,(anonymous_6)
FN:136,(anonymous_7)
FN:139,(anonymous_8)
FN:165,(anonymous_9)
FN:211,(anonymous_10)
FN:224,updateOrderStatus
FN:253,previewOrder
FN:261,(anonymous_13)
FN:272,(anonymous_14)
FNF:15
FNH:13
FNDA:1,getOrders
FNDA:1,getOrderById
FNDA:1,getOrdersByClient
FNDA:3,createOrder
FNDA:3,(anonymous_4)
FNDA:3,(anonymous_5)
FNDA:2,(anonymous_6)
FNDA:2,(anonymous_7)
FNDA:0,(anonymous_8)
FNDA:2,(anonymous_9)
FNDA:0,(anonymous_10)
FNDA:3,updateOrderStatus
FNDA:2,previewOrder
FNDA:2,(anonymous_13)
FNDA:2,(anonymous_14)
DA:7,1
DA:9,1
DA:15,1
DA:20,0
DA:25,1
DA:26,1
DA:28,1
DA:32,1
DA:33,0
DA:36,1
DA:39,0
DA:44,1
DA:45,1
DA:46,1
DA:47,1
DA:48,1
DA:50,1
DA:58,0
DA:59,0
DA:61,0
DA:72,1
DA:77,3
DA:83,3
DA:85,3
DA:88,3
DA:89,0
DA:92,3
DA:93,0
DA:96,3
DA:97,3
DA:99,3
DA:100,0
DA:103,3
DA:104,1
DA:113,2
DA:116,3
DA:118,3
DA:119,1
DA:125,2
DA:127,2
DA:136,2
DA:138,0
DA:140,0
DA:141,0
DA:142,0
DA:146,0
DA:151,2
DA:153,2
DA:154,2
DA:156,2
DA:157,2
DA:159,2
DA:160,2
DA:161,2
DA:165,2
DA:173,2
DA:175,2
DA:176,2
DA:177,2
DA:179,2
DA:193,2
DA:194,2
DA:200,2
DA:201,2
DA:203,2
DA:205,2
DA:208,0
DA:210,0
DA:212,0
DA:217,0
DA:220,0
DA:225,3
DA:226,3
DA:227,3
DA:229,3
DA:231,3
DA:232,0
DA:236,3
DA:237,1
DA:242,2
DA:246,2
DA:249,0
DA:254,2
DA:255,2
DA:257,2
DA:258,0
DA:261,2
DA:262,2
DA:264,2
DA:266,1
DA:272,2
DA:273,1
DA:276,1
DA:278,1
DA:279,0
DA:280,0
DA:281,0
DA:283,0
DA:284,0
DA:285,0
DA:289,1
DA:291,1
DA:298,0
DA:299,0
LF:104
LH:74
BRDA:32,0,0,0
BRDA:32,0,1,1
BRDA:46,1,0,1
BRDA:46,1,1,1
BRDA:47,2,0,1
BRDA:47,2,1,1
BRDA:88,3,0,0
BRDA:88,3,1,3
BRDA:92,4,0,0
BRDA:92,4,1,3
BRDA:92,5,0,3
BRDA:92,5,1,3
BRDA:99,6,0,0
BRDA:99,6,1,3
BRDA:103,7,0,1
BRDA:103,7,1,2
BRDA:118,8,0,1
BRDA:118,8,1,2
BRDA:136,9,0,0
BRDA:136,9,1,2
BRDA:140,10,0,0
BRDA:140,10,1,0
BRDA:153,11,0,2
BRDA:153,11,1,0
BRDA:156,12,0,2
BRDA:156,12,1,0
BRDA:157,13,0,2
BRDA:157,13,1,2
BRDA:159,14,0,0
BRDA:159,14,1,2
BRDA:159,15,0,2
BRDA:159,15,1,0
BRDA:160,16,0,0
BRDA:160,16,1,2
BRDA:160,17,0,2
BRDA:160,17,1,0
BRDA:161,18,0,0
BRDA:161,18,1,2
BRDA:169,19,0,2
BRDA:169,19,1,2
BRDA:181,20,0,2
BRDA:181,20,1,0
BRDA:193,21,0,2
BRDA:193,21,1,0
BRDA:203,22,0,2
BRDA:203,22,1,0
BRDA:231,23,0,0
BRDA:231,23,1,3
BRDA:236,24,0,1
BRDA:236,24,1,2
BRDA:257,25,0,0
BRDA:257,25,1,2
BRDA:257,26,0,2
BRDA:257,26,1,2
BRDA:257,26,2,2
BRDA:264,27,0,1
BRDA:264,27,1,1
BRDA:272,28,0,1
BRDA:272,28,1,1
BRDA:278,29,0,0
BRDA:278,29,1,1
BRDA:280,30,0,0
BRDA:280,30,1,0
BRDA:281,31,0,0
BRDA:281,31,1,0
BRDA:283,32,0,0
BRDA:283,32,1,0
BRDA:283,33,0,0
BRDA:283,33,1,0
BRDA:284,34,0,0
BRDA:284,34,1,0
BRDA:284,35,0,0
BRDA:284,35,1,0
BRDA:285,36,0,0
BRDA:285,36,1,0
BRF:75
BRH:41
end_of_record
TN:
SF:src\controllers\productController.js
FN:3,getProducts
FN:61,getProductById
FN:78,getProductByCategory
FN:93,createProduct
FN:116,updateProduct
FN:153,deleteProduct
FNF:6
FNH:6
FNDA:2,getProducts
FNDA:2,getProductById
FNDA:1,getProductByCategory
FNDA:3,createProduct
FNDA:2,updateProduct
FNDA:2,deleteProduct
DA:4,2
DA:5,2
DA:7,2
DA:9,2
DA:10,1
DA:13,2
DA:14,1
DA:18,1
DA:20,1
DA:32,1
DA:33,1
DA:34,1
DA:36,1
DA:42,1
DA:43,1
DA:45,1
DA:57,0
DA:62,2
DA:63,2
DA:65,2
DA:67,2
DA:68,1
DA:71,1
DA:74,0
DA:79,1
DA:80,1
DA:82,1
DA:86,1
DA:89,0
DA:94,3
DA:95,3
DA:97,3
DA:105,3
DA:107,3
DA:109,3
DA:112,0
DA:117,2
DA:118,2
DA:119,2
DA:121,2
DA:127,1
DA:130,1
DA:132,1
DA:133,0
DA:136,1
DA:137,1
DA:138,1
DA:139,1
DA:140,1
DA:142,1
DA:144,1
DA:146,1
DA:149,0
DA:154,2
DA:155,2
DA:157,2
DA:159,2
DA:160,1
DA:162,1
DA:166,0
LF:60
LH:53
BRDA:9,0,0,1
BRDA:9,0,1,1
BRDA:13,1,0,1
BRDA:13,1,1,1
BRDA:13,2,0,2
BRDA:13,2,1,1
BRDA:32,3,0,1
BRDA:32,3,1,0
BRDA:33,4,0,1
BRDA:33,4,1,0
BRDA:67,5,0,1
BRDA:67,5,1,1
BRDA:121,6,0,1
BRDA:121,6,1,1
BRDA:122,7,0,2
BRDA:122,7,1,2
BRDA:122,7,2,1
BRDA:122,7,3,1
BRDA:122,7,4,1
BRDA:132,8,0,0
BRDA:132,8,1,1
BRDA:136,9,0,0
BRDA:136,9,1,1
BRDA:137,10,0,1
BRDA:137,10,1,0
BRDA:138,11,0,0
BRDA:138,11,1,1
BRDA:139,12,0,0
BRDA:139,12,1,1
BRDA:140,13,0,0
BRDA:140,13,1,1
BRDA:159,14,0,1
BRDA:159,14,1,1
BRF:33
BRH:25
end_of_record
TN:
SF:src\controllers\userController.js
FN:5,(anonymous_0)
FN:26,getUsers
FN:63,getUserById
FN:83,updateUser
FN:124,toggleUserStatus
FN:149,createUser
FNF:6
FNH:6
FNDA:1,(anonymous_0)
FNDA:2,getUsers
FNDA:2,getUserById
FNDA:2,updateUser
FNDA:2,toggleUserStatus
FNDA:1,createUser
DA:5,8
DA:6,1
DA:7,1
DA:9,1
DA:11,1
DA:12,0
DA:15,1
DA:21,0
DA:27,2
DA:28,2
DA:30,2
DA:31,2
DA:32,2
DA:33,2
DA:35,2
DA:36,2
DA:38,2
DA:44,2
DA:46,2
DA:58,0
DA:64,2
DA:65,2
DA:66,2
DA:68,2
DA:69,1
DA:72,1
DA:78,0
DA:84,2
DA:85,2
DA:86,2
DA:88,2
DA:93,1
DA:98,1
DA:100,1
DA:101,0
DA:104,1
DA:105,1
DA:106,1
DA:107,1
DA:109,1
DA:111,1
DA:113,1
DA:119,0
DA:125,2
DA:126,2
DA:128,2
DA:130,2
DA:131,1
DA:134,1
DA:135,1
DA:137,1
DA:138,1
DA:144,0
DA:150,1
DA:151,1
DA:153,1
DA:154,1
DA:156,1
DA:165,1
DA:167,1
DA:169,1
DA:171,0
LF:62
LH:54
BRDA:11,0,0,0
BRDA:11,0,1,1
BRDA:28,1,0,1
BRDA:28,2,0,1
BRDA:31,3,0,0
BRDA:31,3,1,2
BRDA:32,4,0,1
BRDA:32,4,1,1
BRDA:33,5,0,1
BRDA:33,5,1,1
BRDA:35,6,0,2
BRDA:35,6,1,0
BRDA:36,7,0,2
BRDA:36,7,1,0
BRDA:51,8,0,2
BRDA:51,8,1,0
BRDA:68,9,0,1
BRDA:68,9,1,1
BRDA:88,10,0,1
BRDA:88,10,1,1
BRDA:89,11,0,2
BRDA:89,11,1,1
BRDA:89,11,2,1
BRDA:89,11,3,1
BRDA:100,12,0,0
BRDA:100,12,1,1
BRDA:104,13,0,1
BRDA:104,13,1,0
BRDA:105,14,0,1
BRDA:105,14,1,0
BRDA:106,15,0,1
BRDA:106,15,1,0
BRDA:107,16,0,1
BRDA:107,16,1,0
BRDA:130,17,0,1
BRDA:130,17,1,1
BRDA:139,18,0,0
BRDA:139,18,1,1
BRF:38
BRH:27
end_of_record
TN:
SF:src\middlewares\authMiddleware.js
FN:3,authMiddleware
FN:10,(anonymous_1)
FNF:2
FNH:2
FNDA:59,authMiddleware
FNDA:58,(anonymous_1)
DA:4,59
DA:6,59
DA:7,1
DA:10,58
DA:12,58
DA:13,0
DA:16,58
DA:18,58
DA:19,36
DA:22,58
LF:10
LH:9
BRDA:6,0,0,1
BRDA:6,0,1,58
BRDA:12,1,0,0
BRDA:12,1,1,58
BRDA:18,2,0,36
BRDA:18,2,1,22
BRF:6
BRH:5
end_of_record
TN:
SF:src\middlewares\errorHandler.js
FN:9,(anonymous_0)
FN:25,(anonymous_1)
FNF:2
FNH:2
FNDA:1,(anonymous_0)
FNDA:1,(anonymous_1)
DA:5,8
DA:6,8
DA:9,8
DA:11,1
DA:12,1
DA:13,1
DA:20,1
DA:21,1
DA:22,0
DA:25,1
DA:26,1
DA:27,0
DA:31,1
DA:32,1
DA:33,1
LF:15
LH:13
BRDA:21,0,0,0
BRDA:21,0,1,1
BRDA:26,1,0,0
BRDA:26,1,1,1
BRDA:31,2,0,1
BRDA:31,2,1,0
BRDA:32,3,0,1
BRDA:32,3,1,1
BRDA:32,3,2,1
BRDA:34,4,0,1
BRDA:34,4,1,0
BRDA:35,5,0,1
BRDA:35,5,1,0
BRF:13
BRH:8
end_of_record
TN:
SF:src\middlewares\globalerrorHandler.js
FN:8,(anonymous_0)
FN:18,(anonymous_1)
FN:25,(anonymous_2)
FNF:3
FNH:1
FNDA:8,(anonymous_0)
FNDA:0,(anonymous_1)
FNDA:0,(anonymous_2)
DA:5,8
DA:6,8
DA:8,8
DA:10,8
DA:13,8
DA:14,8
DA:15,0
DA:18,8
DA:19,0
DA:20,0
DA:21,0
DA:22,0
DA:25,8
DA:26,0
DA:27,0
DA:28,0
DA:29,0
LF:17
LH:8
BRDA:14,0,0,0
BRDA:14,0,1,8
BRF:2
BRH:1
end_of_record
TN:
SF:src\middlewares\isAdminMiddleware.js
FN:1,isAdmin
FNF:1
FNH:1
FNDA:29,isAdmin
DA:2,29
DA:3,0
DA:6,29
DA:7,1
DA:10,28
LF:5
LH:4
BRDA:2,0,0,0
BRDA:2,0,1,29
BRDA:6,1,0,1
BRDA:6,1,1,28
BRF:4
BRH:3
end_of_record
TN:
SF:src\middlewares\validation.js
FN:3,validate
FNF:1
FNH:1
FNDA:88,validate
DA:4,88
DA:6,88
DA:7,8
DA:10,80
LF:4
LH:4
BRDA:6,0,0,8
BRDA:6,0,1,80
BRF:2
BRH:2
end_of_record
TN:
SF:src\middlewares\validators.js
FN:3,(anonymous_0)
FN:13,(anonymous_1)
FN:23,(anonymous_2)
FN:36,(anonymous_3)
FN:39,(anonymous_4)
FN:47,(anonymous_5)
FN:58,(anonymous_6)
FN:72,(anonymous_7)
FN:80,(anonymous_8)
FN:84,(anonymous_9)
FN:91,(anonymous_10)
FN:97,(anonymous_11)
FN:101,(anonymous_12)
FN:105,(anonymous_13)
FN:112,(anonymous_14)
FN:119,(anonymous_15)
FN:123,(anonymous_16)
FN:130,(anonymous_17)
FN:137,(anonymous_18)
FN:148,(anonymous_19)
FN:156,(anonymous_20)
FN:162,(anonymous_21)
FN:165,(anonymous_22)
FN:171,(anonymous_23)
FN:181,(anonymous_24)
FN:191,(anonymous_25)
FN:199,(anonymous_26)
FN:202,(anonymous_27)
FN:219,(anonymous_28)
FN:228,(anonymous_29)
FN:233,(anonymous_30)
FN:238,(anonymous_31)
FNF:32
FNH:27
FNDA:40,(anonymous_0)
FNDA:0,(anonymous_1)
FNDA:0,(anonymous_2)
FNDA:8,(anonymous_3)
FNDA:24,(anonymous_4)
FNDA:8,(anonymous_5)
FNDA:32,(anonymous_6)
FNDA:24,(anonymous_7)
FNDA:40,(anonymous_8)
FNDA:56,(anonymous_9)
FNDA:112,(anonymous_10)
FNDA:0,(anonymous_11)
FNDA:16,(anonymous_12)
FNDA:16,(anonymous_13)
FNDA:0,(anonymous_14)
FNDA:0,(anonymous_15)
FNDA:8,(anonymous_16)
FNDA:8,(anonymous_17)
FNDA:16,(anonymous_18)
FNDA:8,(anonymous_19)
FNDA:16,(anonymous_20)
FNDA:8,(anonymous_21)
FNDA:8,(anonymous_22)
FNDA:8,(anonymous_23)
FNDA:16,(anonymous_24)
FNDA:16,(anonymous_25)
FNDA:16,(anonymous_26)
FNDA:4,(anonymous_27)
FNDA:16,(anonymous_28)
FNDA:8,(anonymous_29)
FNDA:8,(anonymous_30)
FNDA:8,(anonymous_31)
DA:3,8
DA:4,40
DA:10,40
DA:13,8
DA:14,0
DA:23,8
DA:24,0
DA:32,0
DA:36,8
DA:37,8
DA:39,8
DA:40,24
DA:47,8
DA:48,8
DA:54,8
DA:58,8
DA:59,32
DA:67,32
DA:72,24
DA:80,8
DA:81,40
DA:84,8
DA:85,56
DA:87,56
DA:91,8
DA:92,112
DA:93,112
DA:97,8
DA:98,0
DA:101,8
DA:102,16
DA:105,8
DA:106,16
DA:112,8
DA:113,0
DA:119,8
DA:120,0
DA:123,8
DA:124,8
DA:130,8
DA:131,8
DA:137,8
DA:138,16
DA:144,16
DA:148,8
DA:149,8
DA:156,8
DA:157,16
DA:159,16
DA:162,8
DA:163,8
DA:165,8
DA:166,8
DA:171,8
DA:172,8
DA:178,8
DA:181,8
DA:182,16
DA:187,16
DA:191,8
DA:192,16
DA:196,16
DA:199,8
DA:200,16
DA:203,4
DA:204,0
DA:206,4
DA:207,4
DA:209,4
DA:210,0
DA:212,4
DA:215,16
DA:219,8
DA:220,16
DA:225,16
DA:228,8
DA:229,8
DA:233,8
DA:234,8
DA:238,8
LF:80
LH:72
BRDA:3,0,0,32
BRDA:10,1,0,8
BRDA:10,1,1,32
BRDA:23,2,0,0
BRDA:32,3,0,0
BRDA:32,3,1,0
BRDA:47,4,0,8
BRDA:54,5,0,0
BRDA:54,5,1,8
BRDA:58,6,0,0
BRDA:67,7,0,16
BRDA:67,7,1,16
BRDA:80,8,0,0
BRDA:84,9,0,24
BRDA:87,10,0,32
BRDA:87,10,1,24
BRDA:91,11,0,0
BRDA:91,12,0,0
BRDA:92,13,0,112
BRDA:92,13,1,0
BRDA:112,14,0,0
BRDA:137,15,0,16
BRDA:144,16,0,0
BRDA:144,16,1,16
BRDA:156,17,0,0
BRDA:156,18,0,16
BRDA:159,19,0,0
BRDA:159,19,1,16
BRDA:162,20,0,0
BRDA:165,21,0,0
BRDA:171,22,0,8
BRDA:178,23,0,0
BRDA:178,23,1,8
BRDA:181,24,0,0
BRDA:187,25,0,8
BRDA:187,25,1,8
BRDA:191,26,0,0
BRDA:191,27,0,8
BRDA:196,28,0,8
BRDA:196,28,1,8
BRDA:199,29,0,0
BRDA:199,30,0,0
BRDA:203,31,0,0
BRDA:203,31,1,4
BRDA:203,32,0,4
BRDA:203,32,1,4
BRDA:203,32,2,4
BRDA:209,33,0,0
BRDA:209,33,1,4
BRDA:209,34,0,4
BRDA:209,34,1,4
BRDA:215,35,0,8
BRDA:215,35,1,8
BRDA:219,36,0,0
BRDA:219,37,0,0
BRDA:219,38,0,0
BRDA:225,39,0,8
BRDA:225,39,1,8
BRF:58
BRH:33
end_of_record
TN:
SF:src\models\cashSession.js
FNF:0
FNH:0
DA:3,8
DA:49,8
LF:2
LH:2
BRF:0
BRH:0
end_of_record
TN:
SF:src\models\category.js
FNF:0
FNH:0
DA:3,8
DA:25,8
LF:2
LH:2
BRF:0
BRH:0
end_of_record
TN:
SF:src\models\client.js
FNF:0
FNH:0
DA:3,8
DA:30,8
LF:2
LH:2
BRF:0
BRH:0
end_of_record
TN:
SF:src\models\order.js
FNF:0
FNH:0
DA:3,8
DA:81,8
LF:2
LH:2
BRF:0
BRH:0
end_of_record
TN:
SF:src\models\product.js
FNF:0
FNH:0
DA:3,8
DA:34,8
LF:2
LH:2
BRF:0
BRH:0
end_of_record
TN:
SF:src\models\user.js
FNF:0
FNH:0
DA:3,8
DA:39,8
LF:2
LH:2
BRF:0
BRH:0
end_of_record
TN:
SF:src\routes\authRoutes.js
FNF:0
FNH:0
DA:20,8
DA:22,8
DA:29,8
DA:34,8
DA:36,8
DA:38,8
DA:43,8
LF:7
LH:7
BRF:0
BRH:0
end_of_record
TN:
SF:src\routes\cashRoutes.js
FNF:0
FNH:0
DA:15,8
DA:17,8
DA:21,8
DA:25,8
LF:4
LH:4
BRF:0
BRH:0
end_of_record
TN:
SF:src\routes\categoryRoutes.js
FNF:0
FNH:0
DA:20,8
DA:22,8
DA:24,8
DA:26,8
DA:30,8
DA:36,8
DA:43,8
LF:7
LH:7
BRF:0
BRH:0
end_of_record
TN:
SF:src\routes\clientRoutes.js
FNF:0
FNH:0
DA:21,8
DA:23,8
DA:25,8
DA:29,8
DA:34,8
DA:40,8
LF:6
LH:6
BRF:0
BRH:0
end_of_record
TN:
SF:src\routes\index.js
FNF:0
FNH:0
DA:10,8
DA:12,8
DA:13,8
DA:14,8
DA:15,8
DA:16,8
DA:17,8
DA:18,8
LF:8
LH:8
BRF:0
BRH:0
end_of_record
TN:
SF:src\routes\orderRoutes.js
FNF:0
FNH:0
DA:21,8
DA:23,8
DA:25,8
DA:29,8
DA:33,8
DA:53,8
DA:62,8
LF:7
LH:7
BRF:0
BRH:0
end_of_record
TN:
SF:src\routes\productRoutes.js
FNF:0
FNH:0
DA:24,8
DA:26,8
DA:30,8
DA:34,8
DA:38,8
DA:46,8
DA:55,8
LF:7
LH:7
BRF:0
BRH:0
end_of_record
TN:
SF:src\routes\userRoutes.js
FNF:0
FNH:0
DA:31,8
DA:34,8
DA:40,8
DA:42,8
DA:48,8
DA:52,8
DA:61,8
DA:68,8
LF:8
LH:8
BRF:0
BRH:0
end_of_record
TN:
SF:src\utils\orderHelper.js
FN:15,calculateOrderFinancials
FN:17,(anonymous_1)
FNF:2
FNH:2
FNDA:3,calculateOrderFinancials
FNDA:3,(anonymous_1)
DA:7,8
DA:16,3
DA:17,3
DA:21,3
DA:23,3
DA:24,3
DA:25,3
DA:27,3
LF:8
LH:8
BRDA:15,0,0,0
BRF:1
BRH:0
end_of_record
